Using pre-set license
Built from '2021.3/release' branch; Version is '2021.3.12f1 (8af3c3e441b1) revision 9106371'; Using compiler version '192829333'; Build Type 'Release'
OS: 'Windows 11  (10.0.22621) 64bit Core' Language: 'en' Physical Memory: 16225 MB
BatchMode: 1, IsHumanControllingUs: 0, StartBugReporterOnCrash: 0, Is64bit: 1, IsPro: 1

COMMAND LINE ARGUMENTS:
C:\Program Files\Unity\Hub\Editor\2021.3.12f1\Editor\Unity.exe
-adb2
-batchMode
-noUpm
-name
AssetImportWorker1
-projectPath
C:/Users/gonza/VIRGIL/SUITS
-logFile
Logs/AssetImportWorker1.log
-srvPort
58271
Successfully changed project path to: C:/Users/gonza/VIRGIL/SUITS
C:/Users/gonza/VIRGIL/SUITS
[UnityMemory] Configuration Parameters - Can be set up in boot.config
    "memorysetup-bucket-allocator-granularity=16"
    "memorysetup-bucket-allocator-bucket-count=8"
    "memorysetup-bucket-allocator-block-size=33554432"
    "memorysetup-bucket-allocator-block-count=8"
    "memorysetup-main-allocator-block-size=16777216"
    "memorysetup-thread-allocator-block-size=16777216"
    "memorysetup-gfx-main-allocator-block-size=16777216"
    "memorysetup-gfx-thread-allocator-block-size=16777216"
    "memorysetup-cache-allocator-block-size=4194304"
    "memorysetup-typetree-allocator-block-size=2097152"
    "memorysetup-profiler-bucket-allocator-granularity=16"
    "memorysetup-profiler-bucket-allocator-bucket-count=8"
    "memorysetup-profiler-bucket-allocator-block-size=33554432"
    "memorysetup-profiler-bucket-allocator-block-count=8"
    "memorysetup-profiler-allocator-block-size=16777216"
    "memorysetup-profiler-editor-allocator-block-size=1048576"
    "memorysetup-temp-allocator-size-main=16777216"
    "memorysetup-job-temp-allocator-block-size=2097152"
    "memorysetup-job-temp-allocator-block-size-background=1048576"
    "memorysetup-job-temp-allocator-reduction-small-platforms=262144"
    "memorysetup-temp-allocator-size-background-worker=32768"
    "memorysetup-temp-allocator-size-job-worker=262144"
    "memorysetup-temp-allocator-size-preload-manager=33554432"
    "memorysetup-temp-allocator-size-nav-mesh-worker=65536"
    "memorysetup-temp-allocator-size-audio-worker=65536"
    "memorysetup-temp-allocator-size-cloud-worker=32768"
    "memorysetup-temp-allocator-size-gi-baking-worker=262144"
    "memorysetup-temp-allocator-size-gfx=262144"
Refreshing native plugins compatible for Editor in 231.01 ms, found 13 plugins.
Preloading 0 native plugins for Editor in 0.00 ms.
Initialize engine version: 2021.3.12f1 (8af3c3e441b1)
[Subsystems] Discovering subsystems at path C:/Program Files/Unity/Hub/Editor/2021.3.12f1/Editor/Data/Resources/UnitySubsystems
[Subsystems] Discovering subsystems at path C:/Users/gonza/VIRGIL/SUITS/Assets
GfxDevice: creating device client; threaded=0; jobified=0
Direct3D:
    Version:  Direct3D 11.0 [level 11.1]
    Renderer: NVIDIA GeForce RTX 3070 (ID=0x2488)
    Vendor:   NVIDIA
    VRAM:     8032 MB
    Driver:   31.0.15.2756
Initialize mono
Mono path[0] = 'C:/Program Files/Unity/Hub/Editor/2021.3.12f1/Editor/Data/Managed'
Mono path[1] = 'C:/Program Files/Unity/Hub/Editor/2021.3.12f1/Editor/Data/MonoBleedingEdge/lib/mono/unityjit-win32'
Mono config path = 'C:/Program Files/Unity/Hub/Editor/2021.3.12f1/Editor/Data/MonoBleedingEdge/etc'
Using monoOptions --debugger-agent=transport=dt_socket,embedding=1,server=y,suspend=n,address=127.0.0.1:56176
Begin MonoManager ReloadAssembly
Registering precompiled unity dll's ...
Register platform support module: C:/Program Files/Unity/Hub/Editor/2021.3.12f1/Editor/Data/PlaybackEngines/WindowsStandaloneSupport/UnityEditor.WindowsStandalone.Extensions.dll
Register platform support module: C:/Program Files/Unity/Hub/Editor/2021.3.12f1/Editor/Data/PlaybackEngines/MetroSupport/UnityEditor.UWP.Extensions.dll
Registered in 0.003404 seconds.
Native extension for UWP target not found
Native extension for WindowsStandalone target not found
Refreshing native plugins compatible for Editor in 76.97 ms, found 13 plugins.
Preloading 0 native plugins for Editor in 0.00 ms.
Mono: successfully reloaded assembly
- Completed reload, in  0.452 seconds
Domain Reload Profiling:
	ReloadAssembly (452ms)
		BeginReloadAssembly (47ms)
			ExecutionOrderSort (0ms)
			DisableScriptedObjects (0ms)
			BackupInstance (0ms)
			ReleaseScriptingObjects (0ms)
			CreateAndSetChildDomain (0ms)
		EndReloadAssembly (339ms)
			LoadAssemblies (46ms)
			RebuildTransferFunctionScriptingTraits (0ms)
			SetupTypeCache (62ms)
			ReleaseScriptCaches (0ms)
			RebuildScriptCaches (16ms)
			SetupLoadedEditorAssemblies (227ms)
				LogAssemblyErrors (0ms)
				InitializePlatformSupportModulesInManaged (7ms)
				SetLoadedEditorAssemblies (0ms)
				RefreshPlugins (77ms)
				BeforeProcessingInitializeOnLoad (1ms)
				ProcessInitializeOnLoadAttributes (104ms)
				ProcessInitializeOnLoadMethodAttributes (37ms)
				AfterProcessingInitializeOnLoad (0ms)
				EditorAssembliesLoaded (0ms)
			ExecutionOrderSort2 (0ms)
			AwakeInstancesAfterBackupRestoration (0ms)
Platform modules already initialized, skipping
Registering precompiled user dll's ...
Registered in 0.007162 seconds.
Begin MonoManager ReloadAssembly
Symbol file LoadedFromMemory doesn't match image C:\Users\gonza\VIRGIL\SUITS\Library\PackageCache\com.unity.visualscripting@1.7.8\Editor\VisualScripting.Core\Dependencies\DotNetZip\Unity.VisualScripting.IonicZip.dll
Symbol file LoadedFromMemory doesn't match image C:\Users\gonza\VIRGIL\SUITS\Library\PackageCache\com.unity.visualscripting@1.7.8\Editor\VisualScripting.Core\Dependencies\YamlDotNet\Unity.VisualScripting.YamlDotNet.dll
Native extension for UWP target not found
Native extension for WindowsStandalone target not found
Refreshing native plugins compatible for Editor in 119.53 ms, found 13 plugins.
Preloading 0 native plugins for Editor in 0.00 ms.
Package Manager log level set to [2]
[XR] [MROpenXR][Info   ][16:50:29.423440][tid:6a2c] MeshProvider_RegisterLifecycleProvider
[XR] [MROpenXR][Info   ][16:50:29.423494][tid:6a2c] InputProvider_RegisterLifecycleProvider
[XR] Error loading subsystem: Display (1) (header mismatch?)
[XR] [MROpenXR][Info   ][16:50:29.425667][tid:6a2c] OnPluginStarted UnityVersion=2021.3.12f1 OpenXRPluginVersion=1.6.0 MROpenXRPluginVersion=1.7.0.0 PartA_PrivTags=33554432
Mono: successfully reloaded assembly
- Completed reload, in  1.850 seconds
Domain Reload Profiling:
	ReloadAssembly (1851ms)
		BeginReloadAssembly (121ms)
			ExecutionOrderSort (0ms)
			DisableScriptedObjects (7ms)
			BackupInstance (0ms)
			ReleaseScriptingObjects (0ms)
			CreateAndSetChildDomain (19ms)
		EndReloadAssembly (1593ms)
			LoadAssemblies (112ms)
			RebuildTransferFunctionScriptingTraits (0ms)
			SetupTypeCache (344ms)
			ReleaseScriptCaches (1ms)
			RebuildScriptCaches (95ms)
			SetupLoadedEditorAssemblies (975ms)
				LogAssemblyErrors (0ms)
				InitializePlatformSupportModulesInManaged (7ms)
				SetLoadedEditorAssemblies (0ms)
				RefreshPlugins (120ms)
				BeforeProcessingInitializeOnLoad (153ms)
				ProcessInitializeOnLoadAttributes (607ms)
				ProcessInitializeOnLoadMethodAttributes (78ms)
				AfterProcessingInitializeOnLoad (11ms)
				EditorAssembliesLoaded (0ms)
			ExecutionOrderSort2 (0ms)
			AwakeInstancesAfterBackupRestoration (8ms)
Platform modules already initialized, skipping
========================================================================
Worker process is ready to serve import requests
Launched and connected shader compiler UnityShaderCompiler.exe after 0.04 seconds
Refreshing native plugins compatible for Editor in 1.19 ms, found 13 plugins.
Preloading 0 native plugins for Editor in 0.00 ms.
Unloading 5730 Unused Serialized files (Serialized files now loaded: 0)
Unloading 54 unused Assets / (116.4 KB). Loaded Objects now: 6200.
Memory consumption went from 196.0 MB to 195.9 MB.
Total: 4.646300 ms (FindLiveObjects: 0.748200 ms CreateObjectMapping: 0.291300 ms MarkObjects: 3.473300 ms  DeleteObjects: 0.132200 ms)

AssetImportParameters requested are different than current active one (requested -> active):
  custom:video-decoder-ogg-theora: a1e56fd34408186e4bbccfd4996cb3dc -> 
  custom:container-muxer-webm: aa71ff27fc2769a1b78a27578f13a17b -> 
  custom:container-demuxer-webm: 4f35f7cbe854078d1ac9338744f61a02 -> 
  custom:video-encoder-webm-vp8: eb34c28f22e8b96e1ab97ce403110664 -> 
  custom:audio-encoder-webm-vorbis: bf7c407c2cedff20999df2af8eb42d56 -> 
  custom:framework-win-MediaFoundation: 216162199b28c13a410421893ffa2e32 -> 
  custom:container-demuxer-ogg: 62fdf1f143b41e24485cea50d1cbac27 -> 
  custom:video-decoder-webm-vp8: 9c59270c3fd7afecdb556c50c9e8de78 -> 
  custom:audio-decoder-ogg-vorbis: bf7c407c2cedff20999df2af8eb42d56 -> 
========================================================================
Received Prepare
Registering precompiled user dll's ...
Registered in 0.013561 seconds.
Begin MonoManager ReloadAssembly
Symbol file LoadedFromMemory doesn't match image C:\Users\gonza\VIRGIL\SUITS\Library\PackageCache\com.unity.visualscripting@1.7.8\Editor\VisualScripting.Core\Dependencies\DotNetZip\Unity.VisualScripting.IonicZip.dll
Symbol file LoadedFromMemory doesn't match image C:\Users\gonza\VIRGIL\SUITS\Library\PackageCache\com.unity.visualscripting@1.7.8\Editor\VisualScripting.Core\Dependencies\YamlDotNet\Unity.VisualScripting.YamlDotNet.dll
Native extension for UWP target not found
Native extension for WindowsStandalone target not found
Refreshing native plugins compatible for Editor in 1.03 ms, found 13 plugins.
Preloading 0 native plugins for Editor in 0.00 ms.
Mono: successfully reloaded assembly
- Completed reload, in  1.385 seconds
Domain Reload Profiling:
	ReloadAssembly (1386ms)
		BeginReloadAssembly (170ms)
			ExecutionOrderSort (0ms)
			DisableScriptedObjects (5ms)
			BackupInstance (0ms)
			ReleaseScriptingObjects (0ms)
			CreateAndSetChildDomain (52ms)
		EndReloadAssembly (1106ms)
			LoadAssemblies (123ms)
			RebuildTransferFunctionScriptingTraits (0ms)
			SetupTypeCache (327ms)
			ReleaseScriptCaches (1ms)
			RebuildScriptCaches (50ms)
			SetupLoadedEditorAssemblies (547ms)
				LogAssemblyErrors (0ms)
				InitializePlatformSupportModulesInManaged (15ms)
				SetLoadedEditorAssemblies (1ms)
				RefreshPlugins (1ms)
				BeforeProcessingInitializeOnLoad (105ms)
				ProcessInitializeOnLoadAttributes (389ms)
				ProcessInitializeOnLoadMethodAttributes (32ms)
				AfterProcessingInitializeOnLoad (4ms)
				EditorAssembliesLoaded (0ms)
			ExecutionOrderSort2 (0ms)
			AwakeInstancesAfterBackupRestoration (5ms)
Platform modules already initialized, skipping
Refreshing native plugins compatible for Editor in 3.48 ms, found 13 plugins.
Preloading 0 native plugins for Editor in 0.00 ms.
Unloading 5680 Unused Serialized files (Serialized files now loaded: 0)
Unloading 44 unused Assets / (81.5 KB). Loaded Objects now: 6204.
Memory consumption went from 192.8 MB to 192.7 MB.
Total: 2.698700 ms (FindLiveObjects: 0.306900 ms CreateObjectMapping: 0.158500 ms MarkObjects: 2.156700 ms  DeleteObjects: 0.075700 ms)

AssetImportParameters requested are different than current active one (requested -> active):
  custom:video-decoder-ogg-theora: a1e56fd34408186e4bbccfd4996cb3dc -> 
  custom:container-muxer-webm: aa71ff27fc2769a1b78a27578f13a17b -> 
  custom:container-demuxer-webm: 4f35f7cbe854078d1ac9338744f61a02 -> 
  custom:video-encoder-webm-vp8: eb34c28f22e8b96e1ab97ce403110664 -> 
  custom:audio-encoder-webm-vorbis: bf7c407c2cedff20999df2af8eb42d56 -> 
  custom:framework-win-MediaFoundation: 216162199b28c13a410421893ffa2e32 -> 
  custom:container-demuxer-ogg: 62fdf1f143b41e24485cea50d1cbac27 -> 
  custom:video-decoder-webm-vp8: 9c59270c3fd7afecdb556c50c9e8de78 -> 
  custom:audio-decoder-ogg-vorbis: bf7c407c2cedff20999df2af8eb42d56 -> 
========================================================================
Received Import Request.
  Time since last request: 9707.687853 seconds.
  path: Assets/Samples/Mixed Reality Toolkit Examples/2.8.3/Experimental - SceneUnderstanding/Materials/DemoSceneUnderstanding.mat
  artifactKey: Guid(a2137747e94e9744b9c97181972d0ed8) Importer(815301076,1909f56bfc062723c751e8b465ee728b)
Start importing Assets/Samples/Mixed Reality Toolkit Examples/2.8.3/Experimental - SceneUnderstanding/Materials/DemoSceneUnderstanding.mat using Guid(a2137747e94e9744b9c97181972d0ed8) Importer(815301076,1909f56bfc062723c751e8b465ee728b)  -> (artifact id: '3c27d94cf2a1105b3e5b12d00ccaca32') in 0.159028 seconds 
========================================================================
Received Import Request.
  Time since last request: 68.512542 seconds.
  path: Assets/Samples/Mixed Reality Toolkit Examples/2.8.3/Demos - Gltf/Models/Avocado/glTF/Avocado.gltf
  artifactKey: Guid(69c7e3c117890dc4eaf92659b4fa5348) Importer(815301076,1909f56bfc062723c751e8b465ee728b)
Start importing Assets/Samples/Mixed Reality Toolkit Examples/2.8.3/Demos - Gltf/Models/Avocado/glTF/Avocado.gltf using Guid(69c7e3c117890dc4eaf92659b4fa5348) Importer(815301076,1909f56bfc062723c751e8b465ee728b)  -> (artifact id: '79be18227e760d317a86f124f3a73320') in 0.162292 seconds 
========================================================================
Received Import Request.
  Time since last request: 0.000020 seconds.
  path: Assets/Samples/Mixed Reality Toolkit Examples/2.8.3/Demos - EyeTracking/DemoBasicSetup/Materials/EyeGazeCursor.mat
  artifactKey: Guid(037bac4dbc5a8eb40a8726e67793ca80) Importer(815301076,1909f56bfc062723c751e8b465ee728b)
Start importing Assets/Samples/Mixed Reality Toolkit Examples/2.8.3/Demos - EyeTracking/DemoBasicSetup/Materials/EyeGazeCursor.mat using Guid(037bac4dbc5a8eb40a8726e67793ca80) Importer(815301076,1909f56bfc062723c751e8b465ee728b)  -> (artifact id: 'bd4059c6c6f5db8806f18c83940caaad') in 0.054664 seconds 
========================================================================
Received Import Request.
  Time since last request: 0.000026 seconds.
  path: Assets/Samples/Mixed Reality Toolkit Examples/2.8.3/Demos - EyeTracking/DemoTargetSelections/Materials/EyeGazeCursor 1.mat
  artifactKey: Guid(f35b45e77783d754ea8d9fc0f502c49d) Importer(815301076,1909f56bfc062723c751e8b465ee728b)
Start importing Assets/Samples/Mixed Reality Toolkit Examples/2.8.3/Demos - EyeTracking/DemoTargetSelections/Materials/EyeGazeCursor 1.mat using Guid(f35b45e77783d754ea8d9fc0f502c49d) Importer(815301076,1909f56bfc062723c751e8b465ee728b)  -> (artifact id: '98c13ad612b43f11fa64f0b39d48cc02') in 0.020019 seconds 
========================================================================
Received Import Request.
  Time since last request: 0.000017 seconds.
  path: Assets/Samples/Mixed Reality Toolkit Examples/2.8.3/Experimental - HandMenuLayout/Materials/HandMenu_Backplate.mat
  artifactKey: Guid(cf3ea772efd90164eb766f02911d1009) Importer(815301076,1909f56bfc062723c751e8b465ee728b)
Start importing Assets/Samples/Mixed Reality Toolkit Examples/2.8.3/Experimental - HandMenuLayout/Materials/HandMenu_Backplate.mat using Guid(cf3ea772efd90164eb766f02911d1009) Importer(815301076,1909f56bfc062723c751e8b465ee728b)  -> (artifact id: 'c956396646022ab3c462c84fc9ea428f') in 0.061853 seconds 
========================================================================
Received Import Request.
  Time since last request: 0.000016 seconds.
  path: Assets/Samples/Mixed Reality Toolkit Examples/2.8.3/Experimental - HandMenuLayout/Materials/HandMenuIcon_3x2.mat
  artifactKey: Guid(0056e30912ba4a047b02c085105dfbf0) Importer(815301076,1909f56bfc062723c751e8b465ee728b)
Start importing Assets/Samples/Mixed Reality Toolkit Examples/2.8.3/Experimental - HandMenuLayout/Materials/HandMenuIcon_3x2.mat using Guid(0056e30912ba4a047b02c085105dfbf0) Importer(815301076,1909f56bfc062723c751e8b465ee728b)  -> (artifact id: '3b2e0ceb52aa2671a702d577bcbb430b') in 0.021209 seconds 
========================================================================
Received Import Request.
  Time since last request: 0.000017 seconds.
  path: Assets/Samples/Mixed Reality Toolkit Examples/2.8.3/Experimental - SceneUnderstanding/Materials/DemoSceneUnderstandingWorldMesh.mat
  artifactKey: Guid(f6d42d214eaa65e44965e766112eb678) Importer(815301076,1909f56bfc062723c751e8b465ee728b)
Start importing Assets/Samples/Mixed Reality Toolkit Examples/2.8.3/Experimental - SceneUnderstanding/Materials/DemoSceneUnderstandingWorldMesh.mat using Guid(f6d42d214eaa65e44965e766112eb678) Importer(815301076,1909f56bfc062723c751e8b465ee728b)  -> (artifact id: '4bd12690dbbed90318bb0e63feb0fc39') in 0.062639 seconds 
========================================================================
Received Import Request.
  Time since last request: 0.000019 seconds.
  path: Assets/Samples/Mixed Reality Toolkit Examples/2.8.3/Experimental - SceneUnderstanding/Materials/DemoSceneUnderstandingUI.mat
  artifactKey: Guid(866f1ab18e7e9e84ca843a2c26bc0b3b) Importer(815301076,1909f56bfc062723c751e8b465ee728b)
Start importing Assets/Samples/Mixed Reality Toolkit Examples/2.8.3/Experimental - SceneUnderstanding/Materials/DemoSceneUnderstandingUI.mat using Guid(866f1ab18e7e9e84ca843a2c26bc0b3b) Importer(815301076,1909f56bfc062723c751e8b465ee728b)  -> (artifact id: '3a6ea20fd45e8d40462c3b76f09f6d9e') in 0.015575 seconds 
========================================================================
Received Import Request.
  Time since last request: 0.000022 seconds.
  path: Assets/Samples/Mixed Reality Toolkit Examples/2.8.3/Experimental - ColorPicker/Materials/ColorPickerToggleButtonMaterial.mat
  artifactKey: Guid(ea1aaec1fef6b474ab65d774c64cf8dc) Importer(815301076,1909f56bfc062723c751e8b465ee728b)
Start importing Assets/Samples/Mixed Reality Toolkit Examples/2.8.3/Experimental - ColorPicker/Materials/ColorPickerToggleButtonMaterial.mat using Guid(ea1aaec1fef6b474ab65d774c64cf8dc) Importer(815301076,1909f56bfc062723c751e8b465ee728b)  -> (artifact id: '6c856a96d71e0d037ed173944c16a84a') in 0.019334 seconds 
========================================================================
Received Import Request.
  Time since last request: 0.000022 seconds.
  path: Assets/Samples/Mixed Reality Toolkit Examples/2.8.3/Experimental - HandMenuLayout/Materials/HandMenu_AppButton_Backplate_Pink.mat
  artifactKey: Guid(540860f8f82a6ff45847d584c80ed64a) Importer(815301076,1909f56bfc062723c751e8b465ee728b)
Start importing Assets/Samples/Mixed Reality Toolkit Examples/2.8.3/Experimental - HandMenuLayout/Materials/HandMenu_AppButton_Backplate_Pink.mat using Guid(540860f8f82a6ff45847d584c80ed64a) Importer(815301076,1909f56bfc062723c751e8b465ee728b)  -> (artifact id: 'ddb0e03aaf90c9a39748cead546cd7a9') in 0.045222 seconds 
========================================================================
Received Import Request.
  Time since last request: 0.000029 seconds.
  path: Assets/Samples/Mixed Reality Toolkit Examples/2.8.3/Experimental - HandMenuLayout/Materials/HandMenu_AppButton_Backplate_Purple.mat
  artifactKey: Guid(5ee2be8b1cb8f124fb9da6c8a8f3a2f3) Importer(815301076,1909f56bfc062723c751e8b465ee728b)
Start importing Assets/Samples/Mixed Reality Toolkit Examples/2.8.3/Experimental - HandMenuLayout/Materials/HandMenu_AppButton_Backplate_Purple.mat using Guid(5ee2be8b1cb8f124fb9da6c8a8f3a2f3) Importer(815301076,1909f56bfc062723c751e8b465ee728b)  -> (artifact id: '07148bfd9b558b4388327114ffd65933') in 0.014993 seconds 
========================================================================
Received Import Request.
  Time since last request: 0.000018 seconds.
  path: Assets/Samples/Mixed Reality Toolkit Examples/2.8.3/Experimental - HandMenuLayout/Materials/HandMenu_AppButton_Backplate_Blue.mat
  artifactKey: Guid(0fe725b7b93aeb04eb37f8e04ec836b6) Importer(815301076,1909f56bfc062723c751e8b465ee728b)
Start importing Assets/Samples/Mixed Reality Toolkit Examples/2.8.3/Experimental - HandMenuLayout/Materials/HandMenu_AppButton_Backplate_Blue.mat using Guid(0fe725b7b93aeb04eb37f8e04ec836b6) Importer(815301076,1909f56bfc062723c751e8b465ee728b)  -> (artifact id: '1b9678618118e3c43a4ac728cd99a36a') in 0.015082 seconds 
========================================================================
Received Import Request.
  Time since last request: 0.000016 seconds.
  path: Assets/Samples/Mixed Reality Toolkit Examples/2.8.3/Demos - EyeTracking/DemoTargetSelections/Materials/EyeGazeCursor 2.mat
  artifactKey: Guid(1ff30509e695e6c498210dea532b1a38) Importer(815301076,1909f56bfc062723c751e8b465ee728b)
Start importing Assets/Samples/Mixed Reality Toolkit Examples/2.8.3/Demos - EyeTracking/DemoTargetSelections/Materials/EyeGazeCursor 2.mat using Guid(1ff30509e695e6c498210dea532b1a38) Importer(815301076,1909f56bfc062723c751e8b465ee728b)  -> (artifact id: 'd8053b83a85f22e008f2d18f93e43261') in 0.113880 seconds 
========================================================================
Received Import Request.
  Time since last request: 0.425386 seconds.
  path: Assets/Samples/Mixed Reality Toolkit Examples/2.8.3/Experimental - ColorPicker/Prefabs/ColorWedge.fbx
  artifactKey: Guid(cc3c25bcf3978ab46b6eeab34f67b88d) Importer(815301076,1909f56bfc062723c751e8b465ee728b)
Start importing Assets/Samples/Mixed Reality Toolkit Examples/2.8.3/Experimental - ColorPicker/Prefabs/ColorWedge.fbx using Guid(cc3c25bcf3978ab46b6eeab34f67b88d) Importer(815301076,1909f56bfc062723c751e8b465ee728b)  -> (artifact id: '5551b30217ad168bccaebafb77d346f7') in 0.031306 seconds 
========================================================================
Received Import Request.
  Time since last request: 0.828843 seconds.
  path: Assets/Samples/Mixed Reality Toolkit Examples/2.8.3/Experimental - ColorPicker/Prefabs/ColorDraggerPrefab.prefab
  artifactKey: Guid(0ce0f1bff4a38994c8e130db8e688473) Importer(815301076,1909f56bfc062723c751e8b465ee728b)
Start importing Assets/Samples/Mixed Reality Toolkit Examples/2.8.3/Experimental - ColorPicker/Prefabs/ColorDraggerPrefab.prefab using Guid(0ce0f1bff4a38994c8e130db8e688473) Importer(815301076,1909f56bfc062723c751e8b465ee728b)  -> (artifact id: 'a265fceafbb359734be3172f1c2157a2') in 0.018283 seconds 
========================================================================
Received Import Request.
  Time since last request: 0.061031 seconds.
  path: Assets/Samples/Mixed Reality Toolkit Examples/2.8.3/Experimental - SceneUnderstanding/Prefabs/DemoSceneUnderstandingSceneObjectPrefab.prefab
  artifactKey: Guid(da7ef0d2c42bf8f4da89848ed8529a9f) Importer(815301076,1909f56bfc062723c751e8b465ee728b)
Start importing Assets/Samples/Mixed Reality Toolkit Examples/2.8.3/Experimental - SceneUnderstanding/Prefabs/DemoSceneUnderstandingSceneObjectPrefab.prefab using Guid(da7ef0d2c42bf8f4da89848ed8529a9f) Importer(815301076,1909f56bfc062723c751e8b465ee728b)  -> (artifact id: 'f4ffd5bf6a6ce54f49a27b659130516c') in 0.063858 seconds 
========================================================================
Received Import Request.
  Time since last request: 0.000020 seconds.
  path: Assets/Samples/Mixed Reality Toolkit Examples/2.8.3/Demos - EyeTracking/General/Prefabs/EyeCalibrationChecker.prefab
  artifactKey: Guid(d7a95106a0331134db596f593a2d20e4) Importer(815301076,1909f56bfc062723c751e8b465ee728b)
Start importing Assets/Samples/Mixed Reality Toolkit Examples/2.8.3/Demos - EyeTracking/General/Prefabs/EyeCalibrationChecker.prefab using Guid(d7a95106a0331134db596f593a2d20e4) Importer(815301076,1909f56bfc062723c751e8b465ee728b)  -> (artifact id: '13216c29f2977a9e7ff4bf0cb80226a6') in 0.056999 seconds 
========================================================================
Received Import Request.
  Time since last request: 0.000019 seconds.
  path: Packages/com.microsoft.mixedreality.toolkit.foundation/SDK/Features/UX/Prefabs/Hands/HandJointSmall.prefab
  artifactKey: Guid(6a3f88d2571cd234a86d95ee5856b9ec) Importer(815301076,1909f56bfc062723c751e8b465ee728b)
Start importing Packages/com.microsoft.mixedreality.toolkit.foundation/SDK/Features/UX/Prefabs/Hands/HandJointSmall.prefab using Guid(6a3f88d2571cd234a86d95ee5856b9ec) Importer(815301076,1909f56bfc062723c751e8b465ee728b)  -> (artifact id: '595359a8684c840d8154b505bccd24fd') in 0.046174 seconds 
========================================================================
Received Import Request.
  Time since last request: 0.000032 seconds.
  path: Packages/com.microsoft.mixedreality.toolkit.foundation/SDK/Features/UX/Prefabs/Hands/HandJointGizmo.prefab
  artifactKey: Guid(3e8988bbb870e1a4a81fd2c177b29865) Importer(815301076,1909f56bfc062723c751e8b465ee728b)
Start importing Packages/com.microsoft.mixedreality.toolkit.foundation/SDK/Features/UX/Prefabs/Hands/HandJointGizmo.prefab using Guid(3e8988bbb870e1a4a81fd2c177b29865) Importer(815301076,1909f56bfc062723c751e8b465ee728b)  -> (artifact id: '1a3097a25472ac1c1e8f8135878ec46c') in 0.033055 seconds 
========================================================================
Received Import Request.
  Time since last request: 0.000018 seconds.
  path: Packages/com.microsoft.mixedreality.toolkit.examples/Common/Prefabs/HandMenu_Large_WorldLock_On_GrabAndPull.prefab
  artifactKey: Guid(f514427e4d7588143a828462e0fc1321) Importer(815301076,1909f56bfc062723c751e8b465ee728b)
Start importing Packages/com.microsoft.mixedreality.toolkit.examples/Common/Prefabs/HandMenu_Large_WorldLock_On_GrabAndPull.prefab using Guid(f514427e4d7588143a828462e0fc1321) Importer(815301076,1909f56bfc062723c751e8b465ee728b)  -> (artifact id: 'a468f00a1a157e56a84e89ea6e4fd29e') in 0.238687 seconds 
========================================================================
Received Import Request.
  Time since last request: 0.000022 seconds.
  path: Assets/Samples/Mixed Reality Toolkit Examples/2.8.3/Demos - EyeTracking/General/Prefabs/Eye-based Cursor.prefab
  artifactKey: Guid(344f53c209db09a44aea5eda9786708f) Importer(815301076,1909f56bfc062723c751e8b465ee728b)
Start importing Assets/Samples/Mixed Reality Toolkit Examples/2.8.3/Demos - EyeTracking/General/Prefabs/Eye-based Cursor.prefab using Guid(344f53c209db09a44aea5eda9786708f) Importer(815301076,1909f56bfc062723c751e8b465ee728b)  -> (artifact id: '92758f3a0f173e884241670e22dcd966') in 0.010349 seconds 
========================================================================
Received Import Request.
  Time since last request: 0.000030 seconds.
  path: Packages/com.microsoft.mixedreality.toolkit.foundation/SDK/StandardAssets/Prefabs/Handle_Base.prefab
  artifactKey: Guid(59e23c09211c299469144947f5c1eaae) Importer(815301076,1909f56bfc062723c751e8b465ee728b)
Start importing Packages/com.microsoft.mixedreality.toolkit.foundation/SDK/StandardAssets/Prefabs/Handle_Base.prefab using Guid(59e23c09211c299469144947f5c1eaae) Importer(815301076,1909f56bfc062723c751e8b465ee728b)  -> (artifact id: 'fe891a7e45119296c8760703ef7ea922') in 0.013725 seconds 
========================================================================
Received Import Request.
  Time since last request: 0.000024 seconds.
  path: Assets/Samples/Mixed Reality Toolkit Examples/2.8.3/Demos - EyeTracking/DemoTargetPositioning/Prefabs/EyeTrackingDemoSliderVertical.prefab
  artifactKey: Guid(1a4bbe24b109c6e4aa21a517ad27ba95) Importer(815301076,1909f56bfc062723c751e8b465ee728b)
Start importing Assets/Samples/Mixed Reality Toolkit Examples/2.8.3/Demos - EyeTracking/DemoTargetPositioning/Prefabs/EyeTrackingDemoSliderVertical.prefab using Guid(1a4bbe24b109c6e4aa21a517ad27ba95) Importer(815301076,1909f56bfc062723c751e8b465ee728b)  -> (artifact id: 'e14ca5edf168da1b1810a1f31c4f7a1a') in 0.227589 seconds 
========================================================================
Received Import Request.
  Time since last request: 0.000024 seconds.
  path: Assets/Samples/Mixed Reality Toolkit Examples/2.8.3/Demos - ScrollingObjectCollection/Prefabs/DynamicScrollPopulator.prefab
  artifactKey: Guid(d609c2ee7846cdc4b9f19927ba7f1bc9) Importer(815301076,1909f56bfc062723c751e8b465ee728b)
Start importing Assets/Samples/Mixed Reality Toolkit Examples/2.8.3/Demos - ScrollingObjectCollection/Prefabs/DynamicScrollPopulator.prefab using Guid(d609c2ee7846cdc4b9f19927ba7f1bc9) Importer(815301076,1909f56bfc062723c751e8b465ee728b)  -> (artifact id: '99895cb8d0961a97cbe0ec2b0991b7ed') in 0.045853 seconds 
========================================================================
Received Import Request.
  Time since last request: 0.000043 seconds.
  path: Assets/Samples/Mixed Reality Toolkit Examples/2.8.3/Demos - EyeTracking/General/Prefabs/EyeTrackingDemos Notification.prefab
  artifactKey: Guid(b81ff345fab8e1e449e4b387889fc53c) Importer(815301076,1909f56bfc062723c751e8b465ee728b)
Start importing Assets/Samples/Mixed Reality Toolkit Examples/2.8.3/Demos - EyeTracking/General/Prefabs/EyeTrackingDemos Notification.prefab using Guid(b81ff345fab8e1e449e4b387889fc53c) Importer(815301076,1909f56bfc062723c751e8b465ee728b)  -> (artifact id: 'b9f8a4a26c93c0ed1621e902161a46ed') in 0.025036 seconds 
========================================================================
Received Import Request.
  Time since last request: 0.000020 seconds.
  path: Assets/Samples/Mixed Reality Toolkit Examples/2.8.3/Experimental - ExamplesHub/Prefabs/ExampleHubButton.prefab
  artifactKey: Guid(97e77b91a85a1c844aee31efd81859a2) Importer(815301076,1909f56bfc062723c751e8b465ee728b)
Start importing Assets/Samples/Mixed Reality Toolkit Examples/2.8.3/Experimental - ExamplesHub/Prefabs/ExampleHubButton.prefab using Guid(97e77b91a85a1c844aee31efd81859a2) Importer(815301076,1909f56bfc062723c751e8b465ee728b)  -> (artifact id: '5f7fe2fa90d8d1c7f0e400bf5c5c0684') in 0.051602 seconds 
========================================================================
Received Import Request.
  Time since last request: 0.000016 seconds.
  path: Assets/Samples/Mixed Reality Toolkit Examples/2.8.3/Demos - Input/Scenes/InputData/EyeGizmo.prefab
  artifactKey: Guid(b554d9edc9077ad4ab7a4f8496087069) Importer(815301076,1909f56bfc062723c751e8b465ee728b)
Start importing Assets/Samples/Mixed Reality Toolkit Examples/2.8.3/Demos - Input/Scenes/InputData/EyeGizmo.prefab using Guid(b554d9edc9077ad4ab7a4f8496087069) Importer(815301076,1909f56bfc062723c751e8b465ee728b)  -> (artifact id: 'af04743e6665a5d99f7194da69b4cb4f') in 0.014720 seconds 
========================================================================
Received Import Request.
  Time since last request: 0.000017 seconds.
  path: Assets/Samples/Mixed Reality Toolkit Examples/2.8.3/Demos - Input/Scenes/InputData/HandLeftGizmo.prefab
  artifactKey: Guid(13e8b447a6d10e34aa8985c9da5109bf) Importer(815301076,1909f56bfc062723c751e8b465ee728b)
Start importing Assets/Samples/Mixed Reality Toolkit Examples/2.8.3/Demos - Input/Scenes/InputData/HandLeftGizmo.prefab using Guid(13e8b447a6d10e34aa8985c9da5109bf) Importer(815301076,1909f56bfc062723c751e8b465ee728b)  -> (artifact id: '1ace74158d7ab09b4f555fba9b8f3080') in 0.010477 seconds 
========================================================================
Received Import Request.
  Time since last request: 0.000018 seconds.
  path: Packages/com.microsoft.mixedreality.toolkit.foundation/SDK/Features/UX/Prefabs/Hands/HandJoint.prefab
  artifactKey: Guid(a0842b2d2ca469847b09a969426bb48e) Importer(815301076,1909f56bfc062723c751e8b465ee728b)
Start importing Packages/com.microsoft.mixedreality.toolkit.foundation/SDK/Features/UX/Prefabs/Hands/HandJoint.prefab using Guid(a0842b2d2ca469847b09a969426bb48e) Importer(815301076,1909f56bfc062723c751e8b465ee728b)  -> (artifact id: 'c909e524884decd584a75b4d483ffd0d') in 0.013660 seconds 
========================================================================
Received Import Request.
  Time since last request: 0.000025 seconds.
  path: Assets/Samples/Mixed Reality Toolkit Examples/2.8.3/Demos - EyeTracking/General/Prefabs/EyeTrackingDemos StackedNotification.prefab
  artifactKey: Guid(3854086038d827a4d80e796c7605215b) Importer(815301076,1909f56bfc062723c751e8b465ee728b)
Start importing Assets/Samples/Mixed Reality Toolkit Examples/2.8.3/Demos - EyeTracking/General/Prefabs/EyeTrackingDemos StackedNotification.prefab using Guid(3854086038d827a4d80e796c7605215b) Importer(815301076,1909f56bfc062723c751e8b465ee728b)  -> (artifact id: 'e9e8b8d336f09bcd6b9bf3a6175955b6') in 0.015036 seconds 
========================================================================
Received Prepare
Registering precompiled user dll's ...
Registered in 0.007698 seconds.
Begin MonoManager ReloadAssembly
Symbol file LoadedFromMemory doesn't match image C:\Users\gonza\VIRGIL\SUITS\Library\PackageCache\com.unity.visualscripting@1.7.8\Editor\VisualScripting.Core\Dependencies\DotNetZip\Unity.VisualScripting.IonicZip.dll
Symbol file LoadedFromMemory doesn't match image C:\Users\gonza\VIRGIL\SUITS\Library\PackageCache\com.unity.visualscripting@1.7.8\Editor\VisualScripting.Core\Dependencies\YamlDotNet\Unity.VisualScripting.YamlDotNet.dll
Native extension for UWP target not found
Native extension for WindowsStandalone target not found
Refreshing native plugins compatible for Editor in 1.00 ms, found 13 plugins.
Preloading 0 native plugins for Editor in 0.00 ms.
Mono: successfully reloaded assembly
- Completed reload, in  0.944 seconds
Domain Reload Profiling:
	ReloadAssembly (944ms)
		BeginReloadAssembly (111ms)
			ExecutionOrderSort (0ms)
			DisableScriptedObjects (2ms)
			BackupInstance (0ms)
			ReleaseScriptingObjects (0ms)
			CreateAndSetChildDomain (35ms)
		EndReloadAssembly (769ms)
			LoadAssemblies (81ms)
			RebuildTransferFunctionScriptingTraits (0ms)
			SetupTypeCache (219ms)
			ReleaseScriptCaches (1ms)
			RebuildScriptCaches (37ms)
			SetupLoadedEditorAssemblies (373ms)
				LogAssemblyErrors (0ms)
				InitializePlatformSupportModulesInManaged (13ms)
				SetLoadedEditorAssemblies (0ms)
				RefreshPlugins (1ms)
				BeforeProcessingInitializeOnLoad (77ms)
				ProcessInitializeOnLoadAttributes (246ms)
				ProcessInitializeOnLoadMethodAttributes (32ms)
				AfterProcessingInitializeOnLoad (4ms)
				EditorAssembliesLoaded (0ms)
			ExecutionOrderSort2 (0ms)
			AwakeInstancesAfterBackupRestoration (5ms)
Platform modules already initialized, skipping
Refreshing native plugins compatible for Editor in 3.81 ms, found 13 plugins.
Preloading 0 native plugins for Editor in 0.00 ms.
Unloading 5680 Unused Serialized files (Serialized files now loaded: 0)
Unloading 45 unused Assets / (82.6 KB). Loaded Objects now: 6262.
Memory consumption went from 198.4 MB to 198.3 MB.
Total: 4.025100 ms (FindLiveObjects: 0.331800 ms CreateObjectMapping: 0.153400 ms MarkObjects: 3.452400 ms  DeleteObjects: 0.085700 ms)

AssetImportParameters requested are different than current active one (requested -> active):
  custom:video-decoder-ogg-theora: a1e56fd34408186e4bbccfd4996cb3dc -> 
  custom:container-muxer-webm: aa71ff27fc2769a1b78a27578f13a17b -> 
  custom:container-demuxer-webm: 4f35f7cbe854078d1ac9338744f61a02 -> 
  custom:video-encoder-webm-vp8: eb34c28f22e8b96e1ab97ce403110664 -> 
  custom:audio-encoder-webm-vorbis: bf7c407c2cedff20999df2af8eb42d56 -> 
  custom:framework-win-MediaFoundation: 216162199b28c13a410421893ffa2e32 -> 
  custom:container-demuxer-ogg: 62fdf1f143b41e24485cea50d1cbac27 -> 
  custom:video-decoder-webm-vp8: 9c59270c3fd7afecdb556c50c9e8de78 -> 
  custom:audio-decoder-ogg-vorbis: bf7c407c2cedff20999df2af8eb42d56 -> 
Editor requested this worker to shutdown with reason: Scaling down because of idle timeout
AssetImportWorker is now disconnected from the server
Process exiting
Exiting without the bug reporter. Application will terminate with return code 0