Using pre-set license
Built from '2021.3/release' branch; Version is '2021.3.12f1 (8af3c3e441b1) revision 9106371'; Using compiler version '192829333'; Build Type 'Release'
OS: 'Windows 11  (10.0.22621) 64bit Core' Language: 'en' Physical Memory: 16225 MB
BatchMode: 1, IsHumanControllingUs: 0, StartBugReporterOnCrash: 0, Is64bit: 1, IsPro: 1

COMMAND LINE ARGUMENTS:
C:\Program Files\Unity\Hub\Editor\2021.3.12f1\Editor\Unity.exe
-adb2
-batchMode
-noUpm
-name
AssetImportWorker0
-projectPath
C:/Users/gonza/VirgilAR/VIRGIL/suitsUnityProject
-logFile
Logs/AssetImportWorker0.log
-srvPort
56153
Successfully changed project path to: C:/Users/gonza/VirgilAR/VIRGIL/suitsUnityProject
C:/Users/gonza/VirgilAR/VIRGIL/suitsUnityProject
[UnityMemory] Configuration Parameters - Can be set up in boot.config
    "memorysetup-bucket-allocator-granularity=16"
    "memorysetup-bucket-allocator-bucket-count=8"
    "memorysetup-bucket-allocator-block-size=33554432"
    "memorysetup-bucket-allocator-block-count=8"
    "memorysetup-main-allocator-block-size=16777216"
    "memorysetup-thread-allocator-block-size=16777216"
    "memorysetup-gfx-main-allocator-block-size=16777216"
    "memorysetup-gfx-thread-allocator-block-size=16777216"
    "memorysetup-cache-allocator-block-size=4194304"
    "memorysetup-typetree-allocator-block-size=2097152"
    "memorysetup-profiler-bucket-allocator-granularity=16"
    "memorysetup-profiler-bucket-allocator-bucket-count=8"
    "memorysetup-profiler-bucket-allocator-block-size=33554432"
    "memorysetup-profiler-bucket-allocator-block-count=8"
    "memorysetup-profiler-allocator-block-size=16777216"
    "memorysetup-profiler-editor-allocator-block-size=1048576"
    "memorysetup-temp-allocator-size-main=16777216"
    "memorysetup-job-temp-allocator-block-size=2097152"
    "memorysetup-job-temp-allocator-block-size-background=1048576"
    "memorysetup-job-temp-allocator-reduction-small-platforms=262144"
    "memorysetup-temp-allocator-size-background-worker=32768"
    "memorysetup-temp-allocator-size-job-worker=262144"
    "memorysetup-temp-allocator-size-preload-manager=33554432"
    "memorysetup-temp-allocator-size-nav-mesh-worker=65536"
    "memorysetup-temp-allocator-size-audio-worker=65536"
    "memorysetup-temp-allocator-size-cloud-worker=32768"
    "memorysetup-temp-allocator-size-gi-baking-worker=262144"
    "memorysetup-temp-allocator-size-gfx=262144"
Refreshing native plugins compatible for Editor in 79.05 ms, found 13 plugins.
Preloading 0 native plugins for Editor in 0.00 ms.
Initialize engine version: 2021.3.12f1 (8af3c3e441b1)
[Subsystems] Discovering subsystems at path C:/Program Files/Unity/Hub/Editor/2021.3.12f1/Editor/Data/Resources/UnitySubsystems
[Subsystems] Discovering subsystems at path C:/Users/gonza/VirgilAR/VIRGIL/suitsUnityProject/Assets
GfxDevice: creating device client; threaded=0; jobified=0
Direct3D:
    Version:  Direct3D 11.0 [level 11.1]
    Renderer: NVIDIA GeForce RTX 3070 (ID=0x2488)
    Vendor:   NVIDIA
    VRAM:     8032 MB
    Driver:   31.0.15.2756
Initialize mono
Mono path[0] = 'C:/Program Files/Unity/Hub/Editor/2021.3.12f1/Editor/Data/Managed'
Mono path[1] = 'C:/Program Files/Unity/Hub/Editor/2021.3.12f1/Editor/Data/MonoBleedingEdge/lib/mono/unityjit-win32'
Mono config path = 'C:/Program Files/Unity/Hub/Editor/2021.3.12f1/Editor/Data/MonoBleedingEdge/etc'
Using monoOptions --debugger-agent=transport=dt_socket,embedding=1,server=y,suspend=n,address=127.0.0.1:56916
Begin MonoManager ReloadAssembly
Registering precompiled unity dll's ...
Register platform support module: C:/Program Files/Unity/Hub/Editor/2021.3.12f1/Editor/Data/PlaybackEngines/WindowsStandaloneSupport/UnityEditor.WindowsStandalone.Extensions.dll
Register platform support module: C:/Program Files/Unity/Hub/Editor/2021.3.12f1/Editor/Data/PlaybackEngines/MetroSupport/UnityEditor.UWP.Extensions.dll
Registered in 0.003799 seconds.
Native extension for UWP target not found
Native extension for WindowsStandalone target not found
Refreshing native plugins compatible for Editor in 73.37 ms, found 13 plugins.
Preloading 0 native plugins for Editor in 0.00 ms.
Mono: successfully reloaded assembly
- Completed reload, in  0.422 seconds
Domain Reload Profiling:
	ReloadAssembly (422ms)
		BeginReloadAssembly (46ms)
			ExecutionOrderSort (0ms)
			DisableScriptedObjects (0ms)
			BackupInstance (0ms)
			ReleaseScriptingObjects (0ms)
			CreateAndSetChildDomain (0ms)
		EndReloadAssembly (309ms)
			LoadAssemblies (45ms)
			RebuildTransferFunctionScriptingTraits (0ms)
			SetupTypeCache (61ms)
			ReleaseScriptCaches (0ms)
			RebuildScriptCaches (17ms)
			SetupLoadedEditorAssemblies (197ms)
				LogAssemblyErrors (0ms)
				InitializePlatformSupportModulesInManaged (5ms)
				SetLoadedEditorAssemblies (0ms)
				RefreshPlugins (74ms)
				BeforeProcessingInitializeOnLoad (1ms)
				ProcessInitializeOnLoadAttributes (88ms)
				ProcessInitializeOnLoadMethodAttributes (29ms)
				AfterProcessingInitializeOnLoad (0ms)
				EditorAssembliesLoaded (0ms)
			ExecutionOrderSort2 (0ms)
			AwakeInstancesAfterBackupRestoration (0ms)
Platform modules already initialized, skipping
Registering precompiled user dll's ...
Registered in 0.006607 seconds.
Begin MonoManager ReloadAssembly
Symbol file LoadedFromMemory doesn't match image C:\Users\gonza\VirgilAR\VIRGIL\suitsUnityProject\Library\PackageCache\com.unity.visualscripting@1.7.8\Editor\VisualScripting.Core\Dependencies\DotNetZip\Unity.VisualScripting.IonicZip.dll
Symbol file LoadedFromMemory doesn't match image C:\Users\gonza\VirgilAR\VIRGIL\suitsUnityProject\Library\PackageCache\com.unity.visualscripting@1.7.8\Editor\VisualScripting.Core\Dependencies\YamlDotNet\Unity.VisualScripting.YamlDotNet.dll
Native extension for UWP target not found
Native extension for WindowsStandalone target not found
Refreshing native plugins compatible for Editor in 72.71 ms, found 13 plugins.
Preloading 0 native plugins for Editor in 0.00 ms.
Package Manager log level set to [2]
[XR] [MROpenXR][Info   ][16:12:01.586403][tid:50c0] MeshProvider_RegisterLifecycleProvider
[XR] [MROpenXR][Info   ][16:12:01.586432][tid:50c0] InputProvider_RegisterLifecycleProvider
[XR] Error loading subsystem: Display (1) (header mismatch?)
[XR] [MROpenXR][Info   ][16:12:01.587352][tid:50c0] OnPluginStarted UnityVersion=2021.3.12f1 OpenXRPluginVersion=1.6.0 MROpenXRPluginVersion=1.7.0.0 PartA_PrivTags=33554432
Mono: successfully reloaded assembly
- Completed reload, in  1.035 seconds
Domain Reload Profiling:
	ReloadAssembly (1036ms)
		BeginReloadAssembly (67ms)
			ExecutionOrderSort (0ms)
			DisableScriptedObjects (3ms)
			BackupInstance (0ms)
			ReleaseScriptingObjects (0ms)
			CreateAndSetChildDomain (13ms)
		EndReloadAssembly (895ms)
			LoadAssemblies (74ms)
			RebuildTransferFunctionScriptingTraits (0ms)
			SetupTypeCache (192ms)
			ReleaseScriptCaches (1ms)
			RebuildScriptCaches (50ms)
			SetupLoadedEditorAssemblies (544ms)
				LogAssemblyErrors (0ms)
				InitializePlatformSupportModulesInManaged (3ms)
				SetLoadedEditorAssemblies (0ms)
				RefreshPlugins (73ms)
				BeforeProcessingInitializeOnLoad (84ms)
				ProcessInitializeOnLoadAttributes (341ms)
				ProcessInitializeOnLoadMethodAttributes (39ms)
				AfterProcessingInitializeOnLoad (4ms)
				EditorAssembliesLoaded (0ms)
			ExecutionOrderSort2 (0ms)
			AwakeInstancesAfterBackupRestoration (4ms)
Platform modules already initialized, skipping
========================================================================
Worker process is ready to serve import requests
Launched and connected shader compiler UnityShaderCompiler.exe after 0.03 seconds
Refreshing native plugins compatible for Editor in 0.97 ms, found 13 plugins.
Preloading 0 native plugins for Editor in 0.00 ms.
Unloading 5730 Unused Serialized files (Serialized files now loaded: 0)
Unloading 54 unused Assets / (116.4 KB). Loaded Objects now: 6200.
Memory consumption went from 196.1 MB to 196.0 MB.
Total: 2.773300 ms (FindLiveObjects: 0.255900 ms CreateObjectMapping: 0.150800 ms MarkObjects: 2.277700 ms  DeleteObjects: 0.088200 ms)

AssetImportParameters requested are different than current active one (requested -> active):
  custom:video-decoder-ogg-theora: a1e56fd34408186e4bbccfd4996cb3dc -> 
  custom:container-muxer-webm: aa71ff27fc2769a1b78a27578f13a17b -> 
  custom:container-demuxer-webm: 4f35f7cbe854078d1ac9338744f61a02 -> 
  custom:video-encoder-webm-vp8: eb34c28f22e8b96e1ab97ce403110664 -> 
  custom:audio-encoder-webm-vorbis: bf7c407c2cedff20999df2af8eb42d56 -> 
  custom:framework-win-MediaFoundation: 216162199b28c13a410421893ffa2e32 -> 
  custom:container-demuxer-ogg: 62fdf1f143b41e24485cea50d1cbac27 -> 
  custom:video-decoder-webm-vp8: 9c59270c3fd7afecdb556c50c9e8de78 -> 
  custom:audio-decoder-ogg-vorbis: bf7c407c2cedff20999df2af8eb42d56 -> 
========================================================================
Received Import Request.
  Time since last request: 610508.056837 seconds.
  path: Assets/MRTK/Shaders/DepthBufferPostProcess.shader
  artifactKey: Guid(8e3074f33703cbb4186e9b6c2c958fda) Importer(815301076,1909f56bfc062723c751e8b465ee728b)
Start importing Assets/MRTK/Shaders/DepthBufferPostProcess.shader using Guid(8e3074f33703cbb4186e9b6c2c958fda) Importer(815301076,1909f56bfc062723c751e8b465ee728b)  -> (artifact id: '6a8d9f5815219cc1239ad045e3a94c8a') in 0.026860 seconds 
========================================================================
Received Import Request.
  Time since last request: 28.658379 seconds.
  path: Assets/Samples/Mixed Reality Toolkit Examples/2.8.3/Demos - Boundary/Scenes/BoundaryVisualizationExample.unity
  artifactKey: Guid(35b95b3c4099413d88322156538b340f) Importer(815301076,1909f56bfc062723c751e8b465ee728b)
Start importing Assets/Samples/Mixed Reality Toolkit Examples/2.8.3/Demos - Boundary/Scenes/BoundaryVisualizationExample.unity using Guid(35b95b3c4099413d88322156538b340f) Importer(815301076,1909f56bfc062723c751e8b465ee728b)  -> (artifact id: 'c1874ad458e222248025d5a3308d2003') in 0.005161 seconds 
========================================================================
Received Import Request.
  Time since last request: 65.294872 seconds.
  path: Assets/Samples/Mixed Reality Toolkit Examples/2.8.3/Experimental - MixedRealityKeyboard/Scenes
  artifactKey: Guid(30e1d1024ec342e4d8675df40456d2ba) Importer(815301076,1909f56bfc062723c751e8b465ee728b)
Start importing Assets/Samples/Mixed Reality Toolkit Examples/2.8.3/Experimental - MixedRealityKeyboard/Scenes using Guid(30e1d1024ec342e4d8675df40456d2ba) Importer(815301076,1909f56bfc062723c751e8b465ee728b)  -> (artifact id: '7a9bce604de4d03a03bab5e9c5cf94ae') in 0.005285 seconds 
========================================================================
Received Import Request.
  Time since last request: 79.674484 seconds.
  path: Assets/Samples/Mixed Reality Toolkit Examples/2.8.3/Experimental - HandMenuLayout/Prefabs
  artifactKey: Guid(dcfee229312651d49a00572657f76691) Importer(815301076,1909f56bfc062723c751e8b465ee728b)
Start importing Assets/Samples/Mixed Reality Toolkit Examples/2.8.3/Experimental - HandMenuLayout/Prefabs using Guid(dcfee229312651d49a00572657f76691) Importer(815301076,1909f56bfc062723c751e8b465ee728b)  -> (artifact id: '08dcbbdc1abeae3460afa5f9175b4c1f') in 0.005117 seconds 
========================================================================
Received Import Request.
  Time since last request: 1.074114 seconds.
  path: Assets/Samples/Mixed Reality Toolkit Examples/2.8.3/Experimental - HandMenuLayout/Prefabs/PalmUpHandMenu_AboveFingertips_3x2.prefab
  artifactKey: Guid(6662f03b72946ab4b8d0200a7cdb0477) Importer(815301076,1909f56bfc062723c751e8b465ee728b)
Start importing Assets/Samples/Mixed Reality Toolkit Examples/2.8.3/Experimental - HandMenuLayout/Prefabs/PalmUpHandMenu_AboveFingertips_3x2.prefab using Guid(6662f03b72946ab4b8d0200a7cdb0477) Importer(815301076,1909f56bfc062723c751e8b465ee728b)  -> (artifact id: 'df41971ed7c5f46d67868342ec30674c') in 0.195495 seconds 
========================================================================
Received Import Request.
  Time since last request: 0.000021 seconds.
  path: Assets/Samples/Mixed Reality Toolkit Examples/2.8.3/Experimental - HandMenuLayout/Prefabs/PalmUpHandMenu_Side_1x3.prefab
  artifactKey: Guid(14b2f904c012f204b94aa960a991840e) Importer(815301076,1909f56bfc062723c751e8b465ee728b)
Start importing Assets/Samples/Mixed Reality Toolkit Examples/2.8.3/Experimental - HandMenuLayout/Prefabs/PalmUpHandMenu_Side_1x3.prefab using Guid(14b2f904c012f204b94aa960a991840e) Importer(815301076,1909f56bfc062723c751e8b465ee728b)  -> (artifact id: '86ce2ed942a71b9a9754b4184f0fe856') in 0.040013 seconds 
========================================================================
Received Import Request.
  Time since last request: 0.000025 seconds.
  path: Assets/Samples/Mixed Reality Toolkit Examples/2.8.3/Experimental - HandMenuLayout/Prefabs/PalmUpHandMenu_Side_1x4.prefab
  artifactKey: Guid(9ef654312d26a6743af904631a9c1b8e) Importer(815301076,1909f56bfc062723c751e8b465ee728b)
Start importing Assets/Samples/Mixed Reality Toolkit Examples/2.8.3/Experimental - HandMenuLayout/Prefabs/PalmUpHandMenu_Side_1x4.prefab using Guid(9ef654312d26a6743af904631a9c1b8e) Importer(815301076,1909f56bfc062723c751e8b465ee728b)  -> (artifact id: '69dd73f3aede3cc88e15369e2c90ddc8') in 0.039031 seconds 
========================================================================
Received Import Request.
  Time since last request: 0.000022 seconds.
  path: Assets/Samples/Mixed Reality Toolkit Examples/2.8.3/Experimental - HandMenuLayout/Prefabs/PressableButtonHoloLens2_AppButton.prefab
  artifactKey: Guid(0b624ef669468fc43ba70c5eb0da606e) Importer(815301076,1909f56bfc062723c751e8b465ee728b)
Start importing Assets/Samples/Mixed Reality Toolkit Examples/2.8.3/Experimental - HandMenuLayout/Prefabs/PressableButtonHoloLens2_AppButton.prefab using Guid(0b624ef669468fc43ba70c5eb0da606e) Importer(815301076,1909f56bfc062723c751e8b465ee728b)  -> (artifact id: '6343c8baadb3f87450e06006a70fd43b') in 0.036075 seconds 
Editor requested this worker to shutdown with reason: Scaling down because of idle timeout
AssetImportWorker is now disconnected from the server
Process exiting
Exiting without the bug reporter. Application will terminate with return code 0