Using pre-set license
Built from '2021.3/release' branch; Version is '2021.3.12f1 (8af3c3e441b1) revision 9106371'; Using compiler version '192829333'; Build Type 'Release'
OS: 'Windows 11  (10.0.22621) 64bit Core' Language: 'en' Physical Memory: 16225 MB
BatchMode: 1, IsHumanControllingUs: 0, StartBugReporterOnCrash: 0, Is64bit: 1, IsPro: 1

COMMAND LINE ARGUMENTS:
C:\Program Files\Unity\Hub\Editor\2021.3.12f1\Editor\Unity.exe
-adb2
-batchMode
-noUpm
-name
AssetImportWorker4
-projectPath
C:/Users/gonza/VIRGIL/SUITS
-logFile
Logs/AssetImportWorker4.log
-srvPort
58271
Successfully changed project path to: C:/Users/gonza/VIRGIL/SUITS
C:/Users/gonza/VIRGIL/SUITS
[UnityMemory] Configuration Parameters - Can be set up in boot.config
    "memorysetup-bucket-allocator-granularity=16"
    "memorysetup-bucket-allocator-bucket-count=8"
    "memorysetup-bucket-allocator-block-size=33554432"
    "memorysetup-bucket-allocator-block-count=8"
    "memorysetup-main-allocator-block-size=16777216"
    "memorysetup-thread-allocator-block-size=16777216"
    "memorysetup-gfx-main-allocator-block-size=16777216"
    "memorysetup-gfx-thread-allocator-block-size=16777216"
    "memorysetup-cache-allocator-block-size=4194304"
    "memorysetup-typetree-allocator-block-size=2097152"
    "memorysetup-profiler-bucket-allocator-granularity=16"
    "memorysetup-profiler-bucket-allocator-bucket-count=8"
    "memorysetup-profiler-bucket-allocator-block-size=33554432"
    "memorysetup-profiler-bucket-allocator-block-count=8"
    "memorysetup-profiler-allocator-block-size=16777216"
    "memorysetup-profiler-editor-allocator-block-size=1048576"
    "memorysetup-temp-allocator-size-main=16777216"
    "memorysetup-job-temp-allocator-block-size=2097152"
    "memorysetup-job-temp-allocator-block-size-background=1048576"
    "memorysetup-job-temp-allocator-reduction-small-platforms=262144"
    "memorysetup-temp-allocator-size-background-worker=32768"
    "memorysetup-temp-allocator-size-job-worker=262144"
    "memorysetup-temp-allocator-size-preload-manager=33554432"
    "memorysetup-temp-allocator-size-nav-mesh-worker=65536"
    "memorysetup-temp-allocator-size-audio-worker=65536"
    "memorysetup-temp-allocator-size-cloud-worker=32768"
    "memorysetup-temp-allocator-size-gi-baking-worker=262144"
    "memorysetup-temp-allocator-size-gfx=262144"
Refreshing native plugins compatible for Editor in 91.47 ms, found 13 plugins.
Preloading 0 native plugins for Editor in 0.00 ms.
Initialize engine version: 2021.3.12f1 (8af3c3e441b1)
[Subsystems] Discovering subsystems at path C:/Program Files/Unity/Hub/Editor/2021.3.12f1/Editor/Data/Resources/UnitySubsystems
[Subsystems] Discovering subsystems at path C:/Users/gonza/VIRGIL/SUITS/Assets
GfxDevice: creating device client; threaded=0; jobified=0
Direct3D:
    Version:  Direct3D 11.0 [level 11.1]
    Renderer: NVIDIA GeForce RTX 3070 (ID=0x2488)
    Vendor:   NVIDIA
    VRAM:     8032 MB
    Driver:   31.0.15.2756
Initialize mono
Mono path[0] = 'C:/Program Files/Unity/Hub/Editor/2021.3.12f1/Editor/Data/Managed'
Mono path[1] = 'C:/Program Files/Unity/Hub/Editor/2021.3.12f1/Editor/Data/MonoBleedingEdge/lib/mono/unityjit-win32'
Mono config path = 'C:/Program Files/Unity/Hub/Editor/2021.3.12f1/Editor/Data/MonoBleedingEdge/etc'
Using monoOptions --debugger-agent=transport=dt_socket,embedding=1,server=y,suspend=n,address=127.0.0.1:56504
Begin MonoManager ReloadAssembly
Registering precompiled unity dll's ...
Register platform support module: C:/Program Files/Unity/Hub/Editor/2021.3.12f1/Editor/Data/PlaybackEngines/WindowsStandaloneSupport/UnityEditor.WindowsStandalone.Extensions.dll
Register platform support module: C:/Program Files/Unity/Hub/Editor/2021.3.12f1/Editor/Data/PlaybackEngines/MetroSupport/UnityEditor.UWP.Extensions.dll
Registered in 0.002877 seconds.
Native extension for UWP target not found
Native extension for WindowsStandalone target not found
Refreshing native plugins compatible for Editor in 74.25 ms, found 13 plugins.
Preloading 0 native plugins for Editor in 0.00 ms.
Mono: successfully reloaded assembly
- Completed reload, in  0.439 seconds
Domain Reload Profiling:
	ReloadAssembly (439ms)
		BeginReloadAssembly (51ms)
			ExecutionOrderSort (0ms)
			DisableScriptedObjects (0ms)
			BackupInstance (0ms)
			ReleaseScriptingObjects (0ms)
			CreateAndSetChildDomain (0ms)
		EndReloadAssembly (314ms)
			LoadAssemblies (50ms)
			RebuildTransferFunctionScriptingTraits (0ms)
			SetupTypeCache (64ms)
			ReleaseScriptCaches (0ms)
			RebuildScriptCaches (16ms)
			SetupLoadedEditorAssemblies (200ms)
				LogAssemblyErrors (0ms)
				InitializePlatformSupportModulesInManaged (5ms)
				SetLoadedEditorAssemblies (0ms)
				RefreshPlugins (74ms)
				BeforeProcessingInitializeOnLoad (1ms)
				ProcessInitializeOnLoadAttributes (90ms)
				ProcessInitializeOnLoadMethodAttributes (30ms)
				AfterProcessingInitializeOnLoad (0ms)
				EditorAssembliesLoaded (0ms)
			ExecutionOrderSort2 (0ms)
			AwakeInstancesAfterBackupRestoration (0ms)
Platform modules already initialized, skipping
Registering precompiled user dll's ...
Registered in 0.005933 seconds.
Begin MonoManager ReloadAssembly
Symbol file LoadedFromMemory doesn't match image C:\Users\gonza\VIRGIL\SUITS\Library\PackageCache\com.unity.visualscripting@1.7.8\Editor\VisualScripting.Core\Dependencies\DotNetZip\Unity.VisualScripting.IonicZip.dll
Symbol file LoadedFromMemory doesn't match image C:\Users\gonza\VIRGIL\SUITS\Library\PackageCache\com.unity.visualscripting@1.7.8\Editor\VisualScripting.Core\Dependencies\YamlDotNet\Unity.VisualScripting.YamlDotNet.dll
Native extension for UWP target not found
Native extension for WindowsStandalone target not found
Refreshing native plugins compatible for Editor in 76.42 ms, found 13 plugins.
Preloading 0 native plugins for Editor in 0.00 ms.
Package Manager log level set to [2]
[XR] [MROpenXR][Info   ][17:19:48.476781][tid:2fc4] MeshProvider_RegisterLifecycleProvider
[XR] [MROpenXR][Info   ][17:19:48.476829][tid:2fc4] InputProvider_RegisterLifecycleProvider
[XR] Error loading subsystem: Display (1) (header mismatch?)
[XR] [MROpenXR][Info   ][17:19:48.477779][tid:2fc4] OnPluginStarted UnityVersion=2021.3.12f1 OpenXRPluginVersion=1.6.0 MROpenXRPluginVersion=1.7.0.0 PartA_PrivTags=33554432
Mono: successfully reloaded assembly
- Completed reload, in  1.132 seconds
Domain Reload Profiling:
	ReloadAssembly (1133ms)
		BeginReloadAssembly (71ms)
			ExecutionOrderSort (0ms)
			DisableScriptedObjects (4ms)
			BackupInstance (0ms)
			ReleaseScriptingObjects (0ms)
			CreateAndSetChildDomain (14ms)
		EndReloadAssembly (983ms)
			LoadAssemblies (71ms)
			RebuildTransferFunctionScriptingTraits (0ms)
			SetupTypeCache (212ms)
			ReleaseScriptCaches (1ms)
			RebuildScriptCaches (57ms)
			SetupLoadedEditorAssemblies (603ms)
				LogAssemblyErrors (0ms)
				InitializePlatformSupportModulesInManaged (3ms)
				SetLoadedEditorAssemblies (0ms)
				RefreshPlugins (76ms)
				BeforeProcessingInitializeOnLoad (90ms)
				ProcessInitializeOnLoadAttributes (383ms)
				ProcessInitializeOnLoadMethodAttributes (46ms)
				AfterProcessingInitializeOnLoad (4ms)
				EditorAssembliesLoaded (0ms)
			ExecutionOrderSort2 (0ms)
			AwakeInstancesAfterBackupRestoration (4ms)
Platform modules already initialized, skipping
========================================================================
Worker process is ready to serve import requests
Launched and connected shader compiler UnityShaderCompiler.exe after 0.03 seconds
Refreshing native plugins compatible for Editor in 1.29 ms, found 13 plugins.
Preloading 0 native plugins for Editor in 0.00 ms.
Unloading 5730 Unused Serialized files (Serialized files now loaded: 0)
Unloading 54 unused Assets / (116.4 KB). Loaded Objects now: 6200.
Memory consumption went from 196.1 MB to 196.0 MB.
Total: 3.341400 ms (FindLiveObjects: 0.307200 ms CreateObjectMapping: 0.183600 ms MarkObjects: 2.737000 ms  DeleteObjects: 0.112400 ms)

AssetImportParameters requested are different than current active one (requested -> active):
  custom:video-decoder-ogg-theora: a1e56fd34408186e4bbccfd4996cb3dc -> 
  custom:container-muxer-webm: aa71ff27fc2769a1b78a27578f13a17b -> 
  custom:container-demuxer-webm: 4f35f7cbe854078d1ac9338744f61a02 -> 
  custom:video-encoder-webm-vp8: eb34c28f22e8b96e1ab97ce403110664 -> 
  custom:audio-encoder-webm-vorbis: bf7c407c2cedff20999df2af8eb42d56 -> 
  custom:framework-win-MediaFoundation: 216162199b28c13a410421893ffa2e32 -> 
  custom:container-demuxer-ogg: 62fdf1f143b41e24485cea50d1cbac27 -> 
  custom:video-decoder-webm-vp8: 9c59270c3fd7afecdb556c50c9e8de78 -> 
  custom:audio-decoder-ogg-vorbis: bf7c407c2cedff20999df2af8eb42d56 -> 
========================================================================
Received Import Request.
  Time since last request: 9789.751795 seconds.
  path: Assets/NewBehaviourScript.cs
  artifactKey: Guid(c4887251b1fbdca4fb6c0032e6733984) Importer(815301076,1909f56bfc062723c751e8b465ee728b)
Start importing Assets/NewBehaviourScript.cs using Guid(c4887251b1fbdca4fb6c0032e6733984) Importer(815301076,1909f56bfc062723c751e8b465ee728b)  -> (artifact id: '623a1b51986d655c6f6d0bb4459e3f10') in 0.018296 seconds 
========================================================================
Received Prepare
Registering precompiled user dll's ...
Registered in 0.006361 seconds.
Begin MonoManager ReloadAssembly
Symbol file LoadedFromMemory doesn't match image C:\Users\gonza\VIRGIL\SUITS\Library\PackageCache\com.unity.visualscripting@1.7.8\Editor\VisualScripting.Core\Dependencies\DotNetZip\Unity.VisualScripting.IonicZip.dll
Symbol file LoadedFromMemory doesn't match image C:\Users\gonza\VIRGIL\SUITS\Library\PackageCache\com.unity.visualscripting@1.7.8\Editor\VisualScripting.Core\Dependencies\YamlDotNet\Unity.VisualScripting.YamlDotNet.dll
Native extension for UWP target not found
Native extension for WindowsStandalone target not found
Refreshing native plugins compatible for Editor in 1.36 ms, found 13 plugins.
Preloading 0 native plugins for Editor in 0.00 ms.
Mono: successfully reloaded assembly
- Completed reload, in  0.963 seconds
Domain Reload Profiling:
	ReloadAssembly (963ms)
		BeginReloadAssembly (114ms)
			ExecutionOrderSort (0ms)
			DisableScriptedObjects (3ms)
			BackupInstance (0ms)
			ReleaseScriptingObjects (0ms)
			CreateAndSetChildDomain (35ms)
		EndReloadAssembly (783ms)
			LoadAssemblies (82ms)
			RebuildTransferFunctionScriptingTraits (0ms)
			SetupTypeCache (239ms)
			ReleaseScriptCaches (1ms)
			RebuildScriptCaches (37ms)
			SetupLoadedEditorAssemblies (367ms)
				LogAssemblyErrors (0ms)
				InitializePlatformSupportModulesInManaged (12ms)
				SetLoadedEditorAssemblies (0ms)
				RefreshPlugins (1ms)
				BeforeProcessingInitializeOnLoad (70ms)
				ProcessInitializeOnLoadAttributes (246ms)
				ProcessInitializeOnLoadMethodAttributes (33ms)
				AfterProcessingInitializeOnLoad (3ms)
				EditorAssembliesLoaded (0ms)
			ExecutionOrderSort2 (0ms)
			AwakeInstancesAfterBackupRestoration (6ms)
Platform modules already initialized, skipping
Refreshing native plugins compatible for Editor in 3.96 ms, found 13 plugins.
Preloading 0 native plugins for Editor in 0.00 ms.
Unloading 5680 Unused Serialized files (Serialized files now loaded: 0)
Unloading 44 unused Assets / (81.6 KB). Loaded Objects now: 6204.
Memory consumption went from 192.8 MB to 192.7 MB.
Total: 2.471700 ms (FindLiveObjects: 0.242000 ms CreateObjectMapping: 0.152100 ms MarkObjects: 2.014600 ms  DeleteObjects: 0.062400 ms)

AssetImportParameters requested are different than current active one (requested -> active):
  custom:video-decoder-ogg-theora: a1e56fd34408186e4bbccfd4996cb3dc -> 
  custom:container-muxer-webm: aa71ff27fc2769a1b78a27578f13a17b -> 
  custom:container-demuxer-webm: 4f35f7cbe854078d1ac9338744f61a02 -> 
  custom:video-encoder-webm-vp8: eb34c28f22e8b96e1ab97ce403110664 -> 
  custom:audio-encoder-webm-vorbis: bf7c407c2cedff20999df2af8eb42d56 -> 
  custom:framework-win-MediaFoundation: 216162199b28c13a410421893ffa2e32 -> 
  custom:container-demuxer-ogg: 62fdf1f143b41e24485cea50d1cbac27 -> 
  custom:video-decoder-webm-vp8: 9c59270c3fd7afecdb556c50c9e8de78 -> 
  custom:audio-decoder-ogg-vorbis: bf7c407c2cedff20999df2af8eb42d56 -> 
========================================================================
Received Import Request.
  Time since last request: 151.024323 seconds.
  path: Assets/Samples/Mixed Reality Toolkit Examples/2.8.3/Experimental - HandMenuLayout/Materials/HandMenuIcon_3x3.mat
  artifactKey: Guid(e4c510d2be9b6c8448ab5da849069379) Importer(815301076,1909f56bfc062723c751e8b465ee728b)
Start importing Assets/Samples/Mixed Reality Toolkit Examples/2.8.3/Experimental - HandMenuLayout/Materials/HandMenuIcon_3x3.mat using Guid(e4c510d2be9b6c8448ab5da849069379) Importer(815301076,1909f56bfc062723c751e8b465ee728b)  -> (artifact id: '1a0189a6164a0e188e6a8a86aa6ff8bf') in 0.114075 seconds 
========================================================================
Received Import Request.
  Time since last request: 0.000038 seconds.
  path: Assets/Samples/Mixed Reality Toolkit Examples/2.8.3/Demos - EyeTracking/General/Materials/mat_dwellfeedback_inner.mat
  artifactKey: Guid(d08d642be1ef7b1439c68ebc04be5016) Importer(815301076,1909f56bfc062723c751e8b465ee728b)
Start importing Assets/Samples/Mixed Reality Toolkit Examples/2.8.3/Demos - EyeTracking/General/Materials/mat_dwellfeedback_inner.mat using Guid(d08d642be1ef7b1439c68ebc04be5016) Importer(815301076,1909f56bfc062723c751e8b465ee728b)  -> (artifact id: '1b78c9a7060f28238545e46b2746b16b') in 0.047317 seconds 
========================================================================
Received Import Request.
  Time since last request: 0.000022 seconds.
  path: Assets/Samples/Mixed Reality Toolkit Examples/2.8.3/Demos - EyeTracking/DemoScrollPanZoom/Materials/mat_PanAndZoom_map.mat
  artifactKey: Guid(442ee39d2af9d42498e1514883ea9698) Importer(815301076,1909f56bfc062723c751e8b465ee728b)
Start importing Assets/Samples/Mixed Reality Toolkit Examples/2.8.3/Demos - EyeTracking/DemoScrollPanZoom/Materials/mat_PanAndZoom_map.mat using Guid(442ee39d2af9d42498e1514883ea9698) Importer(815301076,1909f56bfc062723c751e8b465ee728b)  -> (artifact id: '38a754d20c66ccfba5f494c39ecc0c3e') in 0.038963 seconds 
========================================================================
Received Import Request.
  Time since last request: 0.000021 seconds.
  path: Assets/Samples/Mixed Reality Toolkit Examples/2.8.3/Demos - EyeTracking/DemoVisualizer/Materials/mat_icon_PlayData_Inactive.mat
  artifactKey: Guid(e76b22bb1f103bc4899529a15a6d017d) Importer(815301076,1909f56bfc062723c751e8b465ee728b)
Start importing Assets/Samples/Mixed Reality Toolkit Examples/2.8.3/Demos - EyeTracking/DemoVisualizer/Materials/mat_icon_PlayData_Inactive.mat using Guid(e76b22bb1f103bc4899529a15a6d017d) Importer(815301076,1909f56bfc062723c751e8b465ee728b)  -> (artifact id: 'c7e0406ad10d13b0abb18d1119cba3f9') in 0.056996 seconds 
========================================================================
Received Import Request.
  Time since last request: 0.000028 seconds.
  path: Assets/Samples/Mixed Reality Toolkit Examples/2.8.3/Demos - EyeTracking/DemoVisualizer/Materials/mat_btn_backgr.mat
  artifactKey: Guid(1ec21ccb4cbac3643b1ffeeef68d7fbd) Importer(815301076,1909f56bfc062723c751e8b465ee728b)
Start importing Assets/Samples/Mixed Reality Toolkit Examples/2.8.3/Demos - EyeTracking/DemoVisualizer/Materials/mat_btn_backgr.mat using Guid(1ec21ccb4cbac3643b1ffeeef68d7fbd) Importer(815301076,1909f56bfc062723c751e8b465ee728b)  -> (artifact id: 'df586675496ecb1e8ed100e8ab042dce') in 0.065026 seconds 
========================================================================
Received Import Request.
  Time since last request: 0.000026 seconds.
  path: Assets/TextMesh Pro/Resources/Fonts & Materials/LiberationSans SDF - Fallback.asset
  artifactKey: Guid(2e498d1c8094910479dc3e1b768306a4) Importer(815301076,1909f56bfc062723c751e8b465ee728b)
Start importing Assets/TextMesh Pro/Resources/Fonts & Materials/LiberationSans SDF - Fallback.asset using Guid(2e498d1c8094910479dc3e1b768306a4) Importer(815301076,1909f56bfc062723c751e8b465ee728b)  -> (artifact id: '1c11cd7cffefa8fba3a8855efc0982d9') in 0.025014 seconds 
========================================================================
Received Import Request.
  Time since last request: 0.000027 seconds.
  path: Assets/Samples/Mixed Reality Toolkit Examples/2.8.3/Demos - EyeTracking/DemoVisualizer/Materials/mat_icon_PlayData.mat
  artifactKey: Guid(c2137cb90a424174ca9c1de8d41039d6) Importer(815301076,1909f56bfc062723c751e8b465ee728b)
Start importing Assets/Samples/Mixed Reality Toolkit Examples/2.8.3/Demos - EyeTracking/DemoVisualizer/Materials/mat_icon_PlayData.mat using Guid(c2137cb90a424174ca9c1de8d41039d6) Importer(815301076,1909f56bfc062723c751e8b465ee728b)  -> (artifact id: 'a6fcce733bcfb28d203d9033bcdbf15c') in 0.016142 seconds 
========================================================================
Received Import Request.
  Time since last request: 0.000020 seconds.
  path: Assets/TextMesh Pro/Resources/Fonts & Materials/LiberationSans SDF - Drop Shadow.mat
  artifactKey: Guid(e73a58f6e2794ae7b1b7e50b7fb811b0) Importer(815301076,1909f56bfc062723c751e8b465ee728b)
Start importing Assets/TextMesh Pro/Resources/Fonts & Materials/LiberationSans SDF - Drop Shadow.mat using Guid(e73a58f6e2794ae7b1b7e50b7fb811b0) Importer(815301076,1909f56bfc062723c751e8b465ee728b)  -> (artifact id: 'dcf83e723cfb55eb849ff8ef2d26388e') in 0.054448 seconds 
========================================================================
Received Import Request.
  Time since last request: 0.000022 seconds.
  path: Assets/Samples/Mixed Reality Toolkit Examples/2.8.3/Demos - EyeTracking/General/Materials/mat_dwellfeedback_main.mat
  artifactKey: Guid(70d25c24ecbc5214fa1b650a45678208) Importer(815301076,1909f56bfc062723c751e8b465ee728b)
Start importing Assets/Samples/Mixed Reality Toolkit Examples/2.8.3/Demos - EyeTracking/General/Materials/mat_dwellfeedback_main.mat using Guid(70d25c24ecbc5214fa1b650a45678208) Importer(815301076,1909f56bfc062723c751e8b465ee728b)  -> (artifact id: '693b46cb3382e6bb2334f8962637c512') in 0.047192 seconds 
========================================================================
Received Import Request.
  Time since last request: 0.000018 seconds.
  path: Assets/Samples/Mixed Reality Toolkit Examples/2.8.3/Demos - EyeTracking/DemoVisualizer/Materials/mat_heatramp.mat
  artifactKey: Guid(96f1840696a35b840929fc996f2997f9) Importer(815301076,1909f56bfc062723c751e8b465ee728b)
Start importing Assets/Samples/Mixed Reality Toolkit Examples/2.8.3/Demos - EyeTracking/DemoVisualizer/Materials/mat_heatramp.mat using Guid(96f1840696a35b840929fc996f2997f9) Importer(815301076,1909f56bfc062723c751e8b465ee728b)  -> (artifact id: 'de0c5411eadca9b2f3015e49d031ca8f') in 0.039941 seconds 
========================================================================
Received Import Request.
  Time since last request: 0.000027 seconds.
  path: Assets/Samples/Mixed Reality Toolkit Examples/2.8.3/Demos - EyeTracking/General/Materials/mat_blacktile.mat
  artifactKey: Guid(ff5db1fd52542dc409e95a288234c585) Importer(815301076,1909f56bfc062723c751e8b465ee728b)
Start importing Assets/Samples/Mixed Reality Toolkit Examples/2.8.3/Demos - EyeTracking/General/Materials/mat_blacktile.mat using Guid(ff5db1fd52542dc409e95a288234c585) Importer(815301076,1909f56bfc062723c751e8b465ee728b)  -> (artifact id: 'f76595b50a94db0f6fa2f61161456247') in 0.027259 seconds 
========================================================================
Received Import Request.
  Time since last request: 0.000016 seconds.
  path: Assets/Samples/Mixed Reality Toolkit Examples/2.8.3/Demos - EyeTracking/DemoVisualizer/Materials/mat_emptyHeatmapMaterial.mat
  artifactKey: Guid(77001dbfe12ff9d49842cc39a1203f8b) Importer(815301076,1909f56bfc062723c751e8b465ee728b)
Start importing Assets/Samples/Mixed Reality Toolkit Examples/2.8.3/Demos - EyeTracking/DemoVisualizer/Materials/mat_emptyHeatmapMaterial.mat using Guid(77001dbfe12ff9d49842cc39a1203f8b) Importer(815301076,1909f56bfc062723c751e8b465ee728b)  -> (artifact id: 'cb461ce89917b0b2ea8a20a2492eb62c') in 0.046651 seconds 
========================================================================
Received Import Request.
  Time since last request: 0.000019 seconds.
  path: Assets/Samples/Mixed Reality Toolkit Examples/2.8.3/Demos - EyeTracking/DemoVisualizer/Materials/mat_icon_LoadRecordedData.mat
  artifactKey: Guid(670a62fe8de2b524a8e7a7b92a0f5600) Importer(815301076,1909f56bfc062723c751e8b465ee728b)
Start importing Assets/Samples/Mixed Reality Toolkit Examples/2.8.3/Demos - EyeTracking/DemoVisualizer/Materials/mat_icon_LoadRecordedData.mat using Guid(670a62fe8de2b524a8e7a7b92a0f5600) Importer(815301076,1909f56bfc062723c751e8b465ee728b)  -> (artifact id: '811f88e4fe039f36d0c95733eb5a45b3') in 0.041994 seconds 
========================================================================
Received Import Request.
  Time since last request: 0.000017 seconds.
  path: Assets/Samples/Mixed Reality Toolkit Examples/2.8.3/Demos - EyeTracking/DemoTargetSelections/Materials/mat_Icosa 1.mat
  artifactKey: Guid(b6c720bff1e1e4347be4bccbb42e6be4) Importer(815301076,1909f56bfc062723c751e8b465ee728b)
Start importing Assets/Samples/Mixed Reality Toolkit Examples/2.8.3/Demos - EyeTracking/DemoTargetSelections/Materials/mat_Icosa 1.mat using Guid(b6c720bff1e1e4347be4bccbb42e6be4) Importer(815301076,1909f56bfc062723c751e8b465ee728b)  -> (artifact id: 'a5806eba764ab972e2f17bc09653b802') in 0.015089 seconds 
========================================================================
Received Import Request.
  Time since last request: 0.000021 seconds.
  path: Assets/Samples/Mixed Reality Toolkit Examples/2.8.3/Demos - Input/Scenes/InputData/InputRaysFloor_Pressed.mat
  artifactKey: Guid(2a8716ea1ec87144480634f04299fc5a) Importer(815301076,1909f56bfc062723c751e8b465ee728b)
Start importing Assets/Samples/Mixed Reality Toolkit Examples/2.8.3/Demos - Input/Scenes/InputData/InputRaysFloor_Pressed.mat using Guid(2a8716ea1ec87144480634f04299fc5a) Importer(815301076,1909f56bfc062723c751e8b465ee728b)  -> (artifact id: '347554ed1748220d5d511d5f9f9d9671') in 0.069079 seconds 
========================================================================
Received Import Request.
  Time since last request: 0.000020 seconds.
  path: Assets/Samples/Mixed Reality Toolkit Examples/2.8.3/Demos - EyeTracking/DemoVisualizer/Materials/mat_icon_heatcircle01.mat
  artifactKey: Guid(5a043cbaaa32552499c291f3263c9d16) Importer(815301076,1909f56bfc062723c751e8b465ee728b)
Start importing Assets/Samples/Mixed Reality Toolkit Examples/2.8.3/Demos - EyeTracking/DemoVisualizer/Materials/mat_icon_heatcircle01.mat using Guid(5a043cbaaa32552499c291f3263c9d16) Importer(815301076,1909f56bfc062723c751e8b465ee728b)  -> (artifact id: 'b065fc11042c3e6a42d47e6207a9d8a7') in 0.020014 seconds 
========================================================================
Received Import Request.
  Time since last request: 0.000027 seconds.
  path: Assets/Samples/Mixed Reality Toolkit Examples/2.8.3/Demos - EyeTracking/DemoTargetSelections/Materials/mat_Bucky 1.mat
  artifactKey: Guid(c3c6e3b6f44a0654f97ad31c55a1bea7) Importer(815301076,1909f56bfc062723c751e8b465ee728b)
Start importing Assets/Samples/Mixed Reality Toolkit Examples/2.8.3/Demos - EyeTracking/DemoTargetSelections/Materials/mat_Bucky 1.mat using Guid(c3c6e3b6f44a0654f97ad31c55a1bea7) Importer(815301076,1909f56bfc062723c751e8b465ee728b)  -> (artifact id: 'e40070ec20a4c8ed61c7ba68ea131b72') in 0.014038 seconds 
========================================================================
Received Import Request.
  Time since last request: 0.000030 seconds.
  path: Assets/Samples/Mixed Reality Toolkit Examples/2.8.3/Demos - EyeTracking/General/Materials/mat_buttonfeedback.mat
  artifactKey: Guid(30eb0396bc085c54c8ef1dedf1544107) Importer(815301076,1909f56bfc062723c751e8b465ee728b)
Start importing Assets/Samples/Mixed Reality Toolkit Examples/2.8.3/Demos - EyeTracking/General/Materials/mat_buttonfeedback.mat using Guid(30eb0396bc085c54c8ef1dedf1544107) Importer(815301076,1909f56bfc062723c751e8b465ee728b)  -> (artifact id: '48c5e854aef5b065eeda87c54d87bc80') in 0.039476 seconds 
========================================================================
Received Import Request.
  Time since last request: 0.000019 seconds.
  path: Assets/Samples/Mixed Reality Toolkit Examples/2.8.3/Demos - EyeTracking/DemoVisualizer/Materials/mat_icon_StartRecording.mat
  artifactKey: Guid(92bad396bc02afa4fa467aef94cf7513) Importer(815301076,1909f56bfc062723c751e8b465ee728b)
Start importing Assets/Samples/Mixed Reality Toolkit Examples/2.8.3/Demos - EyeTracking/DemoVisualizer/Materials/mat_icon_StartRecording.mat using Guid(92bad396bc02afa4fa467aef94cf7513) Importer(815301076,1909f56bfc062723c751e8b465ee728b)  -> (artifact id: '652332bbbe85bcbdedc925236a667655') in 0.020570 seconds 
========================================================================
Received Import Request.
  Time since last request: 0.000017 seconds.
  path: Assets/Samples/Mixed Reality Toolkit Examples/2.8.3/Demos - Input/Scenes/InputData/InputRaysFloor_Highlighted.mat
  artifactKey: Guid(3f37b7f7a8cd11249a3e29496b30b2c3) Importer(815301076,1909f56bfc062723c751e8b465ee728b)
Start importing Assets/Samples/Mixed Reality Toolkit Examples/2.8.3/Demos - Input/Scenes/InputData/InputRaysFloor_Highlighted.mat using Guid(3f37b7f7a8cd11249a3e29496b30b2c3) Importer(815301076,1909f56bfc062723c751e8b465ee728b)  -> (artifact id: '4a59e2f0574a60f6c78e3937325841a6') in 0.013692 seconds 
========================================================================
Received Import Request.
  Time since last request: 0.000022 seconds.
  path: Assets/Samples/Mixed Reality Toolkit Examples/2.8.3/Experimental - Joystick/JoystickFloorMaterial.mat
  artifactKey: Guid(08fa7172ba2185740bae014bca6c2270) Importer(815301076,1909f56bfc062723c751e8b465ee728b)
Start importing Assets/Samples/Mixed Reality Toolkit Examples/2.8.3/Experimental - Joystick/JoystickFloorMaterial.mat using Guid(08fa7172ba2185740bae014bca6c2270) Importer(815301076,1909f56bfc062723c751e8b465ee728b)  -> (artifact id: '997eb44a8e7c4ace15cfa7a0f8705448') in 0.033409 seconds 
========================================================================
Received Import Request.
  Time since last request: 0.000034 seconds.
  path: Assets/Samples/Mixed Reality Toolkit Examples/2.8.3/Demos - EyeTracking/DemoTargetPositioning/Materials/mat_sliderknob_hover.mat
  artifactKey: Guid(ee4317e2001995a4ca8fe458896b806f) Importer(815301076,1909f56bfc062723c751e8b465ee728b)
Start importing Assets/Samples/Mixed Reality Toolkit Examples/2.8.3/Demos - EyeTracking/DemoTargetPositioning/Materials/mat_sliderknob_hover.mat using Guid(ee4317e2001995a4ca8fe458896b806f) Importer(815301076,1909f56bfc062723c751e8b465ee728b)  -> (artifact id: 'a52947410c13bf455e01c9cbb5293c3c') in 0.039392 seconds 
========================================================================
Received Import Request.
  Time since last request: 0.000018 seconds.
  path: Assets/Samples/Mixed Reality Toolkit Examples/2.8.3/Demos - EyeTracking/General/Materials/mat_dwellfeedback_outer.mat
  artifactKey: Guid(189175d302960394a96a0d48706ddc71) Importer(815301076,1909f56bfc062723c751e8b465ee728b)
Start importing Assets/Samples/Mixed Reality Toolkit Examples/2.8.3/Demos - EyeTracking/General/Materials/mat_dwellfeedback_outer.mat using Guid(189175d302960394a96a0d48706ddc71) Importer(815301076,1909f56bfc062723c751e8b465ee728b)  -> (artifact id: '22b77c20dd1c5a30206684d89e9dcd2f') in 0.014169 seconds 
========================================================================
Received Import Request.
  Time since last request: 0.000022 seconds.
  path: Assets/Samples/Mixed Reality Toolkit Examples/2.8.3/Demos - EyeTracking/DemoTargetSelections/Materials/mat_Icosa.mat
  artifactKey: Guid(59c116cb7d669b7489d194995fc673b0) Importer(815301076,1909f56bfc062723c751e8b465ee728b)
Start importing Assets/Samples/Mixed Reality Toolkit Examples/2.8.3/Demos - EyeTracking/DemoTargetSelections/Materials/mat_Icosa.mat using Guid(59c116cb7d669b7489d194995fc673b0) Importer(815301076,1909f56bfc062723c751e8b465ee728b)  -> (artifact id: 'b7f2415e340c242beff5f53fbeabecda') in 0.014831 seconds 
========================================================================
Received Import Request.
  Time since last request: 0.000027 seconds.
  path: Assets/Samples/Mixed Reality Toolkit Examples/2.8.3/Demos - EyeTracking/DemoVisualizer/Materials/mat_hololens2_04.mat
  artifactKey: Guid(8c576a1bea3eb0f47ba6f48bae247ffe) Importer(815301076,1909f56bfc062723c751e8b465ee728b)
Start importing Assets/Samples/Mixed Reality Toolkit Examples/2.8.3/Demos - EyeTracking/DemoVisualizer/Materials/mat_hololens2_04.mat using Guid(8c576a1bea3eb0f47ba6f48bae247ffe) Importer(815301076,1909f56bfc062723c751e8b465ee728b)  -> (artifact id: '17072cae015639aad62ea2a8db2c0d54') in 0.022611 seconds 
========================================================================
Received Import Request.
  Time since last request: 23.850200 seconds.
  path: Assets/Samples/Mixed Reality Toolkit Examples/2.8.3/Demos - EyeTracking/DemoVisualizer/Scripts/UserInputPlayback.cs
  artifactKey: Guid(7f467b79eb945b4478bc0ca267e81466) Importer(815301076,1909f56bfc062723c751e8b465ee728b)
Start importing Assets/Samples/Mixed Reality Toolkit Examples/2.8.3/Demos - EyeTracking/DemoVisualizer/Scripts/UserInputPlayback.cs using Guid(7f467b79eb945b4478bc0ca267e81466) Importer(815301076,1909f56bfc062723c751e8b465ee728b)  -> (artifact id: '09111bb93cea3a37a082d065dd6373e6') in 0.005458 seconds 
========================================================================
Received Import Request.
  Time since last request: 15.340364 seconds.
  path: Assets/Samples/Mixed Reality Toolkit Examples/2.8.3/Demos - EyeTracking/DemoVisualizer/Scripts/UserInputRecorderFeedback.cs
  artifactKey: Guid(8c6acfdaed0daf24eb3c982ae1951749) Importer(815301076,1909f56bfc062723c751e8b465ee728b)
Start importing Assets/Samples/Mixed Reality Toolkit Examples/2.8.3/Demos - EyeTracking/DemoVisualizer/Scripts/UserInputRecorderFeedback.cs using Guid(8c6acfdaed0daf24eb3c982ae1951749) Importer(815301076,1909f56bfc062723c751e8b465ee728b)  -> (artifact id: '9c132a8ca3a2e0eb8062785fd108c585') in 0.005334 seconds 
========================================================================
Received Import Request.
  Time since last request: 0.877560 seconds.
  path: Assets/Samples/Mixed Reality Toolkit Examples/2.8.3/Demos - EyeTracking/DemoVisualizer/Scripts/UserInputRecorderUIController.cs
  artifactKey: Guid(cf5d94d75e703d0499b6921ea9e721b7) Importer(815301076,1909f56bfc062723c751e8b465ee728b)
Start importing Assets/Samples/Mixed Reality Toolkit Examples/2.8.3/Demos - EyeTracking/DemoVisualizer/Scripts/UserInputRecorderUIController.cs using Guid(cf5d94d75e703d0499b6921ea9e721b7) Importer(815301076,1909f56bfc062723c751e8b465ee728b)  -> (artifact id: 'db38e130a4dff169a49c18263da287ea') in 0.004684 seconds 
========================================================================
Received Import Request.
  Time since last request: 2.727548 seconds.
  path: Assets/Samples/Mixed Reality Toolkit Examples/2.8.3/Demos - EyeTracking/DemoVisualizer/Scripts/UserInputRecorder.cs
  artifactKey: Guid(829d0b35c698e8e4b80c6d4cd10c7a30) Importer(815301076,1909f56bfc062723c751e8b465ee728b)
Start importing Assets/Samples/Mixed Reality Toolkit Examples/2.8.3/Demos - EyeTracking/DemoVisualizer/Scripts/UserInputRecorder.cs using Guid(829d0b35c698e8e4b80c6d4cd10c7a30) Importer(815301076,1909f56bfc062723c751e8b465ee728b)  -> (artifact id: '0d2e5e505c36ae0286cde1a039d25954') in 0.004977 seconds 
========================================================================
Received Import Request.
  Time since last request: 1.337103 seconds.
  path: Assets/Samples/Mixed Reality Toolkit Examples/2.8.3/Experimental - Elastic/Scripts/WidgetElasticDemo.cs
  artifactKey: Guid(19072639b32bffb49a63730594ba1f7a) Importer(815301076,1909f56bfc062723c751e8b465ee728b)
Start importing Assets/Samples/Mixed Reality Toolkit Examples/2.8.3/Experimental - Elastic/Scripts/WidgetElasticDemo.cs using Guid(19072639b32bffb49a63730594ba1f7a) Importer(815301076,1909f56bfc062723c751e8b465ee728b)  -> (artifact id: 'd30a5c494d9f0f1d00e59257d557ba31') in 0.004758 seconds 
========================================================================
Received Import Request.
  Time since last request: 1.181653 seconds.
  path: Assets/Samples/Mixed Reality Toolkit Examples/2.8.3/Demos - EyeTracking/General/Scripts/Utils/Utils.cs
  artifactKey: Guid(2866b773550031047a508971f216aa9b) Importer(815301076,1909f56bfc062723c751e8b465ee728b)
Start importing Assets/Samples/Mixed Reality Toolkit Examples/2.8.3/Demos - EyeTracking/General/Scripts/Utils/Utils.cs using Guid(2866b773550031047a508971f216aa9b) Importer(815301076,1909f56bfc062723c751e8b465ee728b)  -> (artifact id: 'c62bb1f0d2e3f7faa26ec8bca528a39c') in 0.005238 seconds 
========================================================================
Received Import Request.
  Time since last request: 2.676583 seconds.
  path: Assets/Samples/Mixed Reality Toolkit Examples/2.8.3/Demos - EyeTracking/DemoTargetPositioning/Scripts/TriggerZonePlaceObjsWithin.cs
  artifactKey: Guid(c554cd5e78c74cb4ea04022951cabc1e) Importer(815301076,1909f56bfc062723c751e8b465ee728b)
Start importing Assets/Samples/Mixed Reality Toolkit Examples/2.8.3/Demos - EyeTracking/DemoTargetPositioning/Scripts/TriggerZonePlaceObjsWithin.cs using Guid(c554cd5e78c74cb4ea04022951cabc1e) Importer(815301076,1909f56bfc062723c751e8b465ee728b)  -> (artifact id: 'ee05c68b3a4a95a4570ebfb7595eaa5b') in 0.005236 seconds 
========================================================================
Received Import Request.
  Time since last request: 1.204140 seconds.
  path: Assets/Samples/Mixed Reality Toolkit Examples/2.8.3/Demos - EyeTracking/DemoTargetPositioning/Scripts/TransportToRespawnLocation.cs
  artifactKey: Guid(550eac7a63805024aac2d2f057bd5df5) Importer(815301076,1909f56bfc062723c751e8b465ee728b)
Start importing Assets/Samples/Mixed Reality Toolkit Examples/2.8.3/Demos - EyeTracking/DemoTargetPositioning/Scripts/TransportToRespawnLocation.cs using Guid(550eac7a63805024aac2d2f057bd5df5) Importer(815301076,1909f56bfc062723c751e8b465ee728b)  -> (artifact id: '56a353ea3d8a794fc68bd7da08b585e2') in 0.004718 seconds 
========================================================================
Received Import Request.
  Time since last request: 1.598052 seconds.
  path: Assets/Samples/Mixed Reality Toolkit Examples/2.8.3/Demos - EyeTracking/DemoTargetSelections/Scripts/ToggleGameObject.cs
  artifactKey: Guid(3eb9148c1cd001b4dbcfbb1da5b8fab7) Importer(815301076,1909f56bfc062723c751e8b465ee728b)
Start importing Assets/Samples/Mixed Reality Toolkit Examples/2.8.3/Demos - EyeTracking/DemoTargetSelections/Scripts/ToggleGameObject.cs using Guid(3eb9148c1cd001b4dbcfbb1da5b8fab7) Importer(815301076,1909f56bfc062723c751e8b465ee728b)  -> (artifact id: 'a00abd8aaf94b30f2191f8457790018a') in 0.003889 seconds 
========================================================================
Received Import Request.
  Time since last request: 25.890297 seconds.
  path: Assets/Samples/Mixed Reality Toolkit Examples/2.8.3/Demos - UX/Slider/Scripts/SliderLunarLander.cs
  artifactKey: Guid(4d3c82c44b554484897ad1cb1c6e798b) Importer(815301076,1909f56bfc062723c751e8b465ee728b)
Start importing Assets/Samples/Mixed Reality Toolkit Examples/2.8.3/Demos - UX/Slider/Scripts/SliderLunarLander.cs using Guid(4d3c82c44b554484897ad1cb1c6e798b) Importer(815301076,1909f56bfc062723c751e8b465ee728b)  -> (artifact id: '793d4e8a2cfa9ae13b96f5a9c8db6384') in 0.006363 seconds 
========================================================================
Received Import Request.
  Time since last request: 1.877857 seconds.
  path: Assets/Samples/Mixed Reality Toolkit Examples/2.8.3/Demos - SpatialAwareness/Scripts/ShowPlaneFindingInstructions.cs
  artifactKey: Guid(60e7431865c75e44584d49381a86d32b) Importer(815301076,1909f56bfc062723c751e8b465ee728b)
Start importing Assets/Samples/Mixed Reality Toolkit Examples/2.8.3/Demos - SpatialAwareness/Scripts/ShowPlaneFindingInstructions.cs using Guid(60e7431865c75e44584d49381a86d32b) Importer(815301076,1909f56bfc062723c751e8b465ee728b)  -> (artifact id: '972328f6de2c17b0714b0914047d6cd4') in 0.005144 seconds 
========================================================================
Received Import Request.
  Time since last request: 16.576130 seconds.
  path: Assets/Samples/Mixed Reality Toolkit Examples/2.8.3/Demos - EyeTracking/DemoVisualizer/Scripts/BasicInputLogger.cs
  artifactKey: Guid(c2c370efbbf0a8f4e97f0fc33d49d41e) Importer(815301076,1909f56bfc062723c751e8b465ee728b)
Start importing Assets/Samples/Mixed Reality Toolkit Examples/2.8.3/Demos - EyeTracking/DemoVisualizer/Scripts/BasicInputLogger.cs using Guid(c2c370efbbf0a8f4e97f0fc33d49d41e) Importer(815301076,1909f56bfc062723c751e8b465ee728b)  -> (artifact id: '23e19d001f360eb1866be5fa1c9b4934') in 0.003947 seconds 
========================================================================
Received Import Request.
  Time since last request: 8.045291 seconds.
  path: Assets/Samples/Mixed Reality Toolkit Examples
  artifactKey: Guid(fb14bde3fa8d0bd4b972599a47281a0a) Importer(815301076,1909f56bfc062723c751e8b465ee728b)
Start importing Assets/Samples/Mixed Reality Toolkit Examples using Guid(fb14bde3fa8d0bd4b972599a47281a0a) Importer(815301076,1909f56bfc062723c751e8b465ee728b)  -> (artifact id: 'eb9d25117d862e65c26a8a45c7a90906') in 0.005026 seconds 
========================================================================
Received Import Request.
  Time since last request: 36.167580 seconds.
  path: Assets/Scenes/SampleScene.unity
  artifactKey: Guid(9fc0d4010bbf28b4594072e72b8655ab) Importer(815301076,1909f56bfc062723c751e8b465ee728b)
Start importing Assets/Scenes/SampleScene.unity using Guid(9fc0d4010bbf28b4594072e72b8655ab) Importer(815301076,1909f56bfc062723c751e8b465ee728b)  -> (artifact id: '2b3395f9a81a31f8b8bbc3f290ef1a80') in 0.004916 seconds 
========================================================================
Received Import Request.
  Time since last request: 3.844482 seconds.
  path: Assets/Samples/Mixed Reality Toolkit Examples/2.8.3/Demos - UX/ObjectManipulator/Scenes/ObjectManipulatorExample.unity
  artifactKey: Guid(e6b9c2a97e9efe14190d15e2542a8b96) Importer(815301076,1909f56bfc062723c751e8b465ee728b)
Start importing Assets/Samples/Mixed Reality Toolkit Examples/2.8.3/Demos - UX/ObjectManipulator/Scenes/ObjectManipulatorExample.unity using Guid(e6b9c2a97e9efe14190d15e2542a8b96) Importer(815301076,1909f56bfc062723c751e8b465ee728b)  -> (artifact id: '3569b49e5f62531e16b2ec41e74b42db') in 0.005214 seconds 
========================================================================
Received Import Request.
  Time since last request: 1.469280 seconds.
  path: Assets/Samples/Mixed Reality Toolkit Examples/2.8.3/Demos - UX/Collections/Scenes/ObjectCollectionExamples.unity
  artifactKey: Guid(e6e42ecf99c78b34f9bea423aeced50b) Importer(815301076,1909f56bfc062723c751e8b465ee728b)
Start importing Assets/Samples/Mixed Reality Toolkit Examples/2.8.3/Demos - UX/Collections/Scenes/ObjectCollectionExamples.unity using Guid(e6e42ecf99c78b34f9bea423aeced50b) Importer(815301076,1909f56bfc062723c751e8b465ee728b)  -> (artifact id: 'f9127d6b87e8148b91d1a895cf330793') in 0.007694 seconds 
========================================================================
Received Import Request.
  Time since last request: 6.666461 seconds.
  path: Assets/Samples/Mixed Reality Toolkit Examples/2.8.3/Experimental - NonNativeKeyboard/Scenes/NonNativeKeyboardExample.unity
  artifactKey: Guid(5bbd1461a38725245a0eabe0fad1b477) Importer(815301076,1909f56bfc062723c751e8b465ee728b)
Start importing Assets/Samples/Mixed Reality Toolkit Examples/2.8.3/Experimental - NonNativeKeyboard/Scenes/NonNativeKeyboardExample.unity using Guid(5bbd1461a38725245a0eabe0fad1b477) Importer(815301076,1909f56bfc062723c751e8b465ee728b)  -> (artifact id: 'c27d760482f6eb3db58099a005ea99de') in 0.005315 seconds 
========================================================================
Received Import Request.
  Time since last request: 1.355856 seconds.
  path: Assets/Samples/Mixed Reality Toolkit Examples/2.8.3/Experimental - ExamplesHub/Scenes/MRTKExamplesHubMainMenu.unity
  artifactKey: Guid(63a00118e809c754f9c7911bb85d635f) Importer(815301076,1909f56bfc062723c751e8b465ee728b)
Start importing Assets/Samples/Mixed Reality Toolkit Examples/2.8.3/Experimental - ExamplesHub/Scenes/MRTKExamplesHubMainMenu.unity using Guid(63a00118e809c754f9c7911bb85d635f) Importer(815301076,1909f56bfc062723c751e8b465ee728b)  -> (artifact id: 'c6c86d8a28223869e319c227d9b0c755') in 0.004485 seconds 
========================================================================
Received Import Request.
  Time since last request: 5.845750 seconds.
  path: Assets/Samples/Mixed Reality Toolkit Examples/2.8.3/Experimental - MixedRealityKeyboard/Scenes/MixedRealityKeyboardExample.unity
  artifactKey: Guid(b21a91f417fdc7b41b531772ff092fcb) Importer(815301076,1909f56bfc062723c751e8b465ee728b)
Start importing Assets/Samples/Mixed Reality Toolkit Examples/2.8.3/Experimental - MixedRealityKeyboard/Scenes/MixedRealityKeyboardExample.unity using Guid(b21a91f417fdc7b41b531772ff092fcb) Importer(815301076,1909f56bfc062723c751e8b465ee728b)  -> (artifact id: '7558704e8e049f6d873ab33ae24fdd2f') in 0.005557 seconds 
========================================================================
Received Import Request.
  Time since last request: 1.625610 seconds.
  path: Assets/Samples/Mixed Reality Toolkit Examples/2.8.3/Demos - Utilities/Scenes/MixedRealityCapabilityDemo.unity
  artifactKey: Guid(171fd198b95646a4689f47634d578899) Importer(815301076,1909f56bfc062723c751e8b465ee728b)
Start importing Assets/Samples/Mixed Reality Toolkit Examples/2.8.3/Demos - Utilities/Scenes/MixedRealityCapabilityDemo.unity using Guid(171fd198b95646a4689f47634d578899) Importer(815301076,1909f56bfc062723c751e8b465ee728b)  -> (artifact id: 'f013b90a0135a54764f74ba03d7952a3') in 0.005066 seconds 
========================================================================
Received Import Request.
  Time since last request: 1.485621 seconds.
  path: Assets/Samples/Mixed Reality Toolkit Examples/2.8.3/Demos - StandardShader/Scenes/MaterialGallery.unity
  artifactKey: Guid(c6b1477d31864dff836e9738518eae60) Importer(815301076,1909f56bfc062723c751e8b465ee728b)
Start importing Assets/Samples/Mixed Reality Toolkit Examples/2.8.3/Demos - StandardShader/Scenes/MaterialGallery.unity using Guid(c6b1477d31864dff836e9738518eae60) Importer(815301076,1909f56bfc062723c751e8b465ee728b)  -> (artifact id: '23a48af6eeb552b0456f895f0eb5a625') in 0.004658 seconds 
========================================================================
Received Import Request.
  Time since last request: 15.166518 seconds.
  path: Assets/Samples/Mixed Reality Toolkit Examples/2.8.3/Experimental - HandMenuLayout/Scenes/HandMenuLayoutExamples.unity
  artifactKey: Guid(9e1c6bf44fb90c54dbf82acf2808c16f) Importer(815301076,1909f56bfc062723c751e8b465ee728b)
Start importing Assets/Samples/Mixed Reality Toolkit Examples/2.8.3/Experimental - HandMenuLayout/Scenes/HandMenuLayoutExamples.unity using Guid(9e1c6bf44fb90c54dbf82acf2808c16f) Importer(815301076,1909f56bfc062723c751e8b465ee728b)  -> (artifact id: '3e7c83d8a19e1145ae5a363805723095') in 0.005195 seconds 
========================================================================
Received Import Request.
  Time since last request: 1407.372319 seconds.
  path: Assets/Samples
  artifactKey: Guid(7b920707b5c31934f8e5de544a2c4eb4) Importer(815301076,1909f56bfc062723c751e8b465ee728b)
Start importing Assets/Samples using Guid(7b920707b5c31934f8e5de544a2c4eb4) Importer(815301076,1909f56bfc062723c751e8b465ee728b)  -> (artifact id: '4dc9a01120bc6af5f6a924aa6ca11396') in 0.006079 seconds 
